Symlinking /home/youngmoney/rm/hero/devel/lib/libcontrol_toolbox.so
Symlinking /home/youngmoney/rm/hero/devel/lib/python3/dist-packages/control_toolbox/__init__.py
Symlinking /home/youngmoney/rm/hero/devel/lib/python3/dist-packages/control_toolbox/cfg/__init__.py
Symlinking /home/youngmoney/rm/hero/devel/lib/python3/dist-packages/control_toolbox/cfg/ParametersConfig.py
Symlinking /home/youngmoney/rm/hero/devel/lib/python3/dist-packages/control_toolbox/srv/_SetPidGains.py
Symlinking /home/youngmoney/rm/hero/devel/lib/python3/dist-packages/control_toolbox/srv/__init__.py
Symlinking /home/youngmoney/rm/hero/devel/lib/pkgconfig/control_toolbox.pc
Symlinking /home/youngmoney/rm/hero/devel/lib/control_toolbox/cmake.lock
Symlinking /home/youngmoney/rm/hero/devel/lib/control_toolbox/tune_pid.py
Symlinking /home/youngmoney/rm/hero/devel/include/control_toolbox/ParametersConfig.h
Symlinking /home/youngmoney/rm/hero/devel/include/control_toolbox/SetPidGainsResponse.h
Symlinking /home/youngmoney/rm/hero/devel/include/control_toolbox/SetPidGains.h
Symlinking /home/youngmoney/rm/hero/devel/include/control_toolbox/SetPidGainsRequest.h
Symlinking /home/youngmoney/rm/hero/devel/share/gennodejs/ros/control_toolbox/_index.js
Symlinking /home/youngmoney/rm/hero/devel/share/gennodejs/ros/control_toolbox/srv/_index.js
Symlinking /home/youngmoney/rm/hero/devel/share/gennodejs/ros/control_toolbox/srv/SetPidGains.js
Symlinking /home/youngmoney/rm/hero/devel/share/control_toolbox/docs/ParametersConfig.wikidoc
Symlinking /home/youngmoney/rm/hero/devel/share/control_toolbox/docs/ParametersConfig.dox
Symlinking /home/youngmoney/rm/hero/devel/share/control_toolbox/docs/ParametersConfig-usage.dox
Symlinking /home/youngmoney/rm/hero/devel/share/control_toolbox/cmake/control_toolbox-msg-extras.cmake
Symlinking /home/youngmoney/rm/hero/devel/share/control_toolbox/cmake/control_toolboxConfig-version.cmake
Symlinking /home/youngmoney/rm/hero/devel/share/control_toolbox/cmake/control_toolbox-msg-paths.cmake
Symlinking /home/youngmoney/rm/hero/devel/share/control_toolbox/cmake/control_toolboxConfig.cmake
Symlinking /home/youngmoney/rm/hero/devel/share/roseus/ros/control_toolbox/manifest.l
Symlinking /home/youngmoney/rm/hero/devel/share/roseus/ros/control_toolbox/srv/SetPidGains.l
Symlinking /home/youngmoney/rm/hero/devel/share/common-lisp/ros/control_toolbox/srv/control_toolbox-srv.asd
Symlinking /home/youngmoney/rm/hero/devel/share/common-lisp/ros/control_toolbox/srv/SetPidGains.lisp
Symlinking /home/youngmoney/rm/hero/devel/share/common-lisp/ros/control_toolbox/srv/_package_SetPidGains.lisp
Symlinking /home/youngmoney/rm/hero/devel/share/common-lisp/ros/control_toolbox/srv/_package.lisp
