Linked: (/home/youngmoney/rm/hero/devel/.private/rm_msgs/lib/python3/dist-packages/rm_msgs/__init__.py, /home/youngmoney/rm/hero/devel/lib/python3/dist-packages/rm_msgs/__init__.py)
Linked: (/home/youngmoney/rm/hero/devel/.private/rm_msgs/lib/python3/dist-packages/rm_msgs/msg/_GpioData.py, /home/youngmoney/rm/hero/devel/lib/python3/dist-packages/rm_msgs/msg/_GpioData.py)
Linked: (/home/youngmoney/rm/hero/devel/.private/rm_msgs/lib/python3/dist-packages/rm_msgs/msg/_BalanceState.py, /home/youngmoney/rm/hero/devel/lib/python3/dist-packages/rm_msgs/msg/_BalanceState.py)
Linked: (/home/youngmoney/rm/hero/devel/.private/rm_msgs/lib/python3/dist-packages/rm_msgs/msg/_ShootCmd.py, /home/youngmoney/rm/hero/devel/lib/python3/dist-packages/rm_msgs/msg/_ShootCmd.py)
Linked: (/home/youngmoney/rm/hero/devel/.private/rm_msgs/lib/python3/dist-packages/rm_msgs/msg/_StateCmd.py, /home/youngmoney/rm/hero/devel/lib/python3/dist-packages/rm_msgs/msg/_StateCmd.py)
Linked: (/home/youngmoney/rm/hero/devel/.private/rm_msgs/lib/python3/dist-packages/rm_msgs/msg/_KalmanData.py, /home/youngmoney/rm/hero/devel/lib/python3/dist-packages/rm_msgs/msg/_KalmanData.py)
Linked: (/home/youngmoney/rm/hero/devel/.private/rm_msgs/lib/python3/dist-packages/rm_msgs/msg/_EngineerFeedback.py, /home/youngmoney/rm/hero/devel/lib/python3/dist-packages/rm_msgs/msg/_EngineerFeedback.py)
Linked: (/home/youngmoney/rm/hero/devel/.private/rm_msgs/lib/python3/dist-packages/rm_msgs/msg/_IcraBuffDebuffZoneStatus.py, /home/youngmoney/rm/hero/devel/lib/python3/dist-packages/rm_msgs/msg/_IcraBuffDebuffZoneStatus.py)
Linked: (/home/youngmoney/rm/hero/devel/.private/rm_msgs/lib/python3/dist-packages/rm_msgs/msg/_PowerHeatData.py, /home/youngmoney/rm/hero/devel/lib/python3/dist-packages/rm_msgs/msg/_PowerHeatData.py)
Linked: (/home/youngmoney/rm/hero/devel/.private/rm_msgs/lib/python3/dist-packages/rm_msgs/msg/_GameRobotHp.py, /home/youngmoney/rm/hero/devel/lib/python3/dist-packages/rm_msgs/msg/_GameRobotHp.py)
Linked: (/home/youngmoney/rm/hero/devel/.private/rm_msgs/lib/python3/dist-packages/rm_msgs/msg/_RobotHurt.py, /home/youngmoney/rm/hero/devel/lib/python3/dist-packages/rm_msgs/msg/_RobotHurt.py)
Linked: (/home/youngmoney/rm/hero/devel/.private/rm_msgs/lib/python3/dist-packages/rm_msgs/msg/_SupplyProjectileAction.py, /home/youngmoney/rm/hero/devel/lib/python3/dist-packages/rm_msgs/msg/_SupplyProjectileAction.py)
Linked: (/home/youngmoney/rm/hero/devel/.private/rm_msgs/lib/python3/dist-packages/rm_msgs/msg/_GimbalDesError.py, /home/youngmoney/rm/hero/devel/lib/python3/dist-packages/rm_msgs/msg/_GimbalDesError.py)
Linked: (/home/youngmoney/rm/hero/devel/.private/rm_msgs/lib/python3/dist-packages/rm_msgs/msg/_TofRadarData.py, /home/youngmoney/rm/hero/devel/lib/python3/dist-packages/rm_msgs/msg/_TofRadarData.py)
Linked: (/home/youngmoney/rm/hero/devel/.private/rm_msgs/lib/python3/dist-packages/rm_msgs/msg/_TargetDetectionArray.py, /home/youngmoney/rm/hero/devel/lib/python3/dist-packages/rm_msgs/msg/_TargetDetectionArray.py)
Linked: (/home/youngmoney/rm/hero/devel/.private/rm_msgs/lib/python3/dist-packages/rm_msgs/msg/_GameRobotStatus.py, /home/youngmoney/rm/hero/devel/lib/python3/dist-packages/rm_msgs/msg/_GameRobotStatus.py)
Linked: (/home/youngmoney/rm/hero/devel/.private/rm_msgs/lib/python3/dist-packages/rm_msgs/msg/_EngineerActionFeedback.py, /home/youngmoney/rm/hero/devel/lib/python3/dist-packages/rm_msgs/msg/_EngineerActionFeedback.py)
Linked: (/home/youngmoney/rm/hero/devel/.private/rm_msgs/lib/python3/dist-packages/rm_msgs/msg/_ManualToReferee.py, /home/youngmoney/rm/hero/devel/lib/python3/dist-packages/rm_msgs/msg/_ManualToReferee.py)
Linked: (/home/youngmoney/rm/hero/devel/.private/rm_msgs/lib/python3/dist-packages/rm_msgs/msg/_SuperCapacitor.py, /home/youngmoney/rm/hero/devel/lib/python3/dist-packages/rm_msgs/msg/_SuperCapacitor.py)
Linked: (/home/youngmoney/rm/hero/devel/.private/rm_msgs/lib/python3/dist-packages/rm_msgs/msg/_EngineerResult.py, /home/youngmoney/rm/hero/devel/lib/python3/dist-packages/rm_msgs/msg/_EngineerResult.py)
Linked: (/home/youngmoney/rm/hero/devel/.private/rm_msgs/lib/python3/dist-packages/rm_msgs/msg/_CapacityData.py, /home/youngmoney/rm/hero/devel/lib/python3/dist-packages/rm_msgs/msg/_CapacityData.py)
Linked: (/home/youngmoney/rm/hero/devel/.private/rm_msgs/lib/python3/dist-packages/rm_msgs/msg/_MovingAverageData.py, /home/youngmoney/rm/hero/devel/lib/python3/dist-packages/rm_msgs/msg/_MovingAverageData.py)
Linked: (/home/youngmoney/rm/hero/devel/.private/rm_msgs/lib/python3/dist-packages/rm_msgs/msg/_ChassisCmd.py, /home/youngmoney/rm/hero/devel/lib/python3/dist-packages/rm_msgs/msg/_ChassisCmd.py)
Linked: (/home/youngmoney/rm/hero/devel/.private/rm_msgs/lib/python3/dist-packages/rm_msgs/msg/_EngineerGoal.py, /home/youngmoney/rm/hero/devel/lib/python3/dist-packages/rm_msgs/msg/_EngineerGoal.py)
Linked: (/home/youngmoney/rm/hero/devel/.private/rm_msgs/lib/python3/dist-packages/rm_msgs/msg/_RadarData.py, /home/youngmoney/rm/hero/devel/lib/python3/dist-packages/rm_msgs/msg/_RadarData.py)
Linked: (/home/youngmoney/rm/hero/devel/.private/rm_msgs/lib/python3/dist-packages/rm_msgs/msg/_RfidStatus.py, /home/youngmoney/rm/hero/devel/lib/python3/dist-packages/rm_msgs/msg/_RfidStatus.py)
Linked: (/home/youngmoney/rm/hero/devel/.private/rm_msgs/lib/python3/dist-packages/rm_msgs/msg/_LpData.py, /home/youngmoney/rm/hero/devel/lib/python3/dist-packages/rm_msgs/msg/_LpData.py)
Linked: (/home/youngmoney/rm/hero/devel/.private/rm_msgs/lib/python3/dist-packages/rm_msgs/msg/_TrackData.py, /home/youngmoney/rm/hero/devel/lib/python3/dist-packages/rm_msgs/msg/_TrackData.py)
Linked: (/home/youngmoney/rm/hero/devel/.private/rm_msgs/lib/python3/dist-packages/rm_msgs/msg/__init__.py, /home/youngmoney/rm/hero/devel/lib/python3/dist-packages/rm_msgs/msg/__init__.py)
Linked: (/home/youngmoney/rm/hero/devel/.private/rm_msgs/lib/python3/dist-packages/rm_msgs/msg/_EventData.py, /home/youngmoney/rm/hero/devel/lib/python3/dist-packages/rm_msgs/msg/_EventData.py)
Linked: (/home/youngmoney/rm/hero/devel/.private/rm_msgs/lib/python3/dist-packages/rm_msgs/msg/_TargetDetection.py, /home/youngmoney/rm/hero/devel/lib/python3/dist-packages/rm_msgs/msg/_TargetDetection.py)
Linked: (/home/youngmoney/rm/hero/devel/.private/rm_msgs/lib/python3/dist-packages/rm_msgs/msg/_EngineerActionResult.py, /home/youngmoney/rm/hero/devel/lib/python3/dist-packages/rm_msgs/msg/_EngineerActionResult.py)
Linked: (/home/youngmoney/rm/hero/devel/.private/rm_msgs/lib/python3/dist-packages/rm_msgs/msg/_EngineerCmd.py, /home/youngmoney/rm/hero/devel/lib/python3/dist-packages/rm_msgs/msg/_EngineerCmd.py)
Linked: (/home/youngmoney/rm/hero/devel/.private/rm_msgs/lib/python3/dist-packages/rm_msgs/msg/_BulletRemaining.py, /home/youngmoney/rm/hero/devel/lib/python3/dist-packages/rm_msgs/msg/_BulletRemaining.py)
Linked: (/home/youngmoney/rm/hero/devel/.private/rm_msgs/lib/python3/dist-packages/rm_msgs/msg/_ShootData.py, /home/youngmoney/rm/hero/devel/lib/python3/dist-packages/rm_msgs/msg/_ShootData.py)
Linked: (/home/youngmoney/rm/hero/devel/.private/rm_msgs/lib/python3/dist-packages/rm_msgs/msg/_DartStatus.py, /home/youngmoney/rm/hero/devel/lib/python3/dist-packages/rm_msgs/msg/_DartStatus.py)
Linked: (/home/youngmoney/rm/hero/devel/.private/rm_msgs/lib/python3/dist-packages/rm_msgs/msg/_EngineerActionGoal.py, /home/youngmoney/rm/hero/devel/lib/python3/dist-packages/rm_msgs/msg/_EngineerActionGoal.py)
Linked: (/home/youngmoney/rm/hero/devel/.private/rm_msgs/lib/python3/dist-packages/rm_msgs/msg/_GimbalCmd.py, /home/youngmoney/rm/hero/devel/lib/python3/dist-packages/rm_msgs/msg/_GimbalCmd.py)
Linked: (/home/youngmoney/rm/hero/devel/.private/rm_msgs/lib/python3/dist-packages/rm_msgs/msg/_DartRemainingTime.py, /home/youngmoney/rm/hero/devel/lib/python3/dist-packages/rm_msgs/msg/_DartRemainingTime.py)
Linked: (/home/youngmoney/rm/hero/devel/.private/rm_msgs/lib/python3/dist-packages/rm_msgs/msg/_EngineerAction.py, /home/youngmoney/rm/hero/devel/lib/python3/dist-packages/rm_msgs/msg/_EngineerAction.py)
Linked: (/home/youngmoney/rm/hero/devel/.private/rm_msgs/lib/python3/dist-packages/rm_msgs/msg/_ActuatorState.py, /home/youngmoney/rm/hero/devel/lib/python3/dist-packages/rm_msgs/msg/_ActuatorState.py)
Linked: (/home/youngmoney/rm/hero/devel/.private/rm_msgs/lib/python3/dist-packages/rm_msgs/msg/_GameStatus.py, /home/youngmoney/rm/hero/devel/lib/python3/dist-packages/rm_msgs/msg/_GameStatus.py)
Linked: (/home/youngmoney/rm/hero/devel/.private/rm_msgs/lib/python3/dist-packages/rm_msgs/msg/_DbusData.py, /home/youngmoney/rm/hero/devel/lib/python3/dist-packages/rm_msgs/msg/_DbusData.py)
Linked: (/home/youngmoney/rm/hero/devel/.private/rm_msgs/lib/python3/dist-packages/rm_msgs/msg/_DartClientCmd.py, /home/youngmoney/rm/hero/devel/lib/python3/dist-packages/rm_msgs/msg/_DartClientCmd.py)
Linked: (/home/youngmoney/rm/hero/devel/.private/rm_msgs/lib/python3/dist-packages/rm_msgs/srv/_CameraStatus.py, /home/youngmoney/rm/hero/devel/lib/python3/dist-packages/rm_msgs/srv/_CameraStatus.py)
Linked: (/home/youngmoney/rm/hero/devel/.private/rm_msgs/lib/python3/dist-packages/rm_msgs/srv/_ContinousDetectorSwitch.py, /home/youngmoney/rm/hero/devel/lib/python3/dist-packages/rm_msgs/srv/_ContinousDetectorSwitch.py)
Linked: (/home/youngmoney/rm/hero/devel/.private/rm_msgs/lib/python3/dist-packages/rm_msgs/srv/_EnableImuTrigger.py, /home/youngmoney/rm/hero/devel/lib/python3/dist-packages/rm_msgs/srv/_EnableImuTrigger.py)
Linked: (/home/youngmoney/rm/hero/devel/.private/rm_msgs/lib/python3/dist-packages/rm_msgs/srv/_StatusChange.py, /home/youngmoney/rm/hero/devel/lib/python3/dist-packages/rm_msgs/srv/_StatusChange.py)
Linked: (/home/youngmoney/rm/hero/devel/.private/rm_msgs/lib/python3/dist-packages/rm_msgs/srv/__init__.py, /home/youngmoney/rm/hero/devel/lib/python3/dist-packages/rm_msgs/srv/__init__.py)
Linked: (/home/youngmoney/rm/hero/devel/.private/rm_msgs/lib/pkgconfig/rm_msgs.pc, /home/youngmoney/rm/hero/devel/lib/pkgconfig/rm_msgs.pc)
Linked: (/home/youngmoney/rm/hero/devel/.private/rm_msgs/include/rm_msgs/StateCmd.h, /home/youngmoney/rm/hero/devel/include/rm_msgs/StateCmd.h)
Linked: (/home/youngmoney/rm/hero/devel/.private/rm_msgs/include/rm_msgs/TrackData.h, /home/youngmoney/rm/hero/devel/include/rm_msgs/TrackData.h)
Linked: (/home/youngmoney/rm/hero/devel/.private/rm_msgs/include/rm_msgs/CameraStatus.h, /home/youngmoney/rm/hero/devel/include/rm_msgs/CameraStatus.h)
Linked: (/home/youngmoney/rm/hero/devel/.private/rm_msgs/include/rm_msgs/EventData.h, /home/youngmoney/rm/hero/devel/include/rm_msgs/EventData.h)
Linked: (/home/youngmoney/rm/hero/devel/.private/rm_msgs/include/rm_msgs/IcraBuffDebuffZoneStatus.h, /home/youngmoney/rm/hero/devel/include/rm_msgs/IcraBuffDebuffZoneStatus.h)
Linked: (/home/youngmoney/rm/hero/devel/.private/rm_msgs/include/rm_msgs/ContinousDetectorSwitch.h, /home/youngmoney/rm/hero/devel/include/rm_msgs/ContinousDetectorSwitch.h)
Linked: (/home/youngmoney/rm/hero/devel/.private/rm_msgs/include/rm_msgs/CameraStatusRequest.h, /home/youngmoney/rm/hero/devel/include/rm_msgs/CameraStatusRequest.h)
Linked: (/home/youngmoney/rm/hero/devel/.private/rm_msgs/include/rm_msgs/StatusChangeResponse.h, /home/youngmoney/rm/hero/devel/include/rm_msgs/StatusChangeResponse.h)
Linked: (/home/youngmoney/rm/hero/devel/.private/rm_msgs/include/rm_msgs/EngineerCmd.h, /home/youngmoney/rm/hero/devel/include/rm_msgs/EngineerCmd.h)
Linked: (/home/youngmoney/rm/hero/devel/.private/rm_msgs/include/rm_msgs/ChassisCmd.h, /home/youngmoney/rm/hero/devel/include/rm_msgs/ChassisCmd.h)
Linked: (/home/youngmoney/rm/hero/devel/.private/rm_msgs/include/rm_msgs/SuperCapacitor.h, /home/youngmoney/rm/hero/devel/include/rm_msgs/SuperCapacitor.h)
Linked: (/home/youngmoney/rm/hero/devel/.private/rm_msgs/include/rm_msgs/ManualToReferee.h, /home/youngmoney/rm/hero/devel/include/rm_msgs/ManualToReferee.h)
Linked: (/home/youngmoney/rm/hero/devel/.private/rm_msgs/include/rm_msgs/BalanceState.h, /home/youngmoney/rm/hero/devel/include/rm_msgs/BalanceState.h)
Linked: (/home/youngmoney/rm/hero/devel/.private/rm_msgs/include/rm_msgs/RadarData.h, /home/youngmoney/rm/hero/devel/include/rm_msgs/RadarData.h)
Linked: (/home/youngmoney/rm/hero/devel/.private/rm_msgs/include/rm_msgs/SupplyProjectileAction.h, /home/youngmoney/rm/hero/devel/include/rm_msgs/SupplyProjectileAction.h)
Linked: (/home/youngmoney/rm/hero/devel/.private/rm_msgs/include/rm_msgs/CameraStatusResponse.h, /home/youngmoney/rm/hero/devel/include/rm_msgs/CameraStatusResponse.h)
Linked: (/home/youngmoney/rm/hero/devel/.private/rm_msgs/include/rm_msgs/GameRobotHp.h, /home/youngmoney/rm/hero/devel/include/rm_msgs/GameRobotHp.h)
Linked: (/home/youngmoney/rm/hero/devel/.private/rm_msgs/include/rm_msgs/ContinousDetectorSwitchResponse.h, /home/youngmoney/rm/hero/devel/include/rm_msgs/ContinousDetectorSwitchResponse.h)
Linked: (/home/youngmoney/rm/hero/devel/.private/rm_msgs/include/rm_msgs/GpioData.h, /home/youngmoney/rm/hero/devel/include/rm_msgs/GpioData.h)
Linked: (/home/youngmoney/rm/hero/devel/.private/rm_msgs/include/rm_msgs/GameRobotStatus.h, /home/youngmoney/rm/hero/devel/include/rm_msgs/GameRobotStatus.h)
Linked: (/home/youngmoney/rm/hero/devel/.private/rm_msgs/include/rm_msgs/LpData.h, /home/youngmoney/rm/hero/devel/include/rm_msgs/LpData.h)
Linked: (/home/youngmoney/rm/hero/devel/.private/rm_msgs/include/rm_msgs/DbusData.h, /home/youngmoney/rm/hero/devel/include/rm_msgs/DbusData.h)
Linked: (/home/youngmoney/rm/hero/devel/.private/rm_msgs/include/rm_msgs/PowerHeatData.h, /home/youngmoney/rm/hero/devel/include/rm_msgs/PowerHeatData.h)
Linked: (/home/youngmoney/rm/hero/devel/.private/rm_msgs/include/rm_msgs/EngineerActionFeedback.h, /home/youngmoney/rm/hero/devel/include/rm_msgs/EngineerActionFeedback.h)
Linked: (/home/youngmoney/rm/hero/devel/.private/rm_msgs/include/rm_msgs/GameStatus.h, /home/youngmoney/rm/hero/devel/include/rm_msgs/GameStatus.h)
Linked: (/home/youngmoney/rm/hero/devel/.private/rm_msgs/include/rm_msgs/EngineerGoal.h, /home/youngmoney/rm/hero/devel/include/rm_msgs/EngineerGoal.h)
Linked: (/home/youngmoney/rm/hero/devel/.private/rm_msgs/include/rm_msgs/DartClientCmd.h, /home/youngmoney/rm/hero/devel/include/rm_msgs/DartClientCmd.h)
Linked: (/home/youngmoney/rm/hero/devel/.private/rm_msgs/include/rm_msgs/EngineerResult.h, /home/youngmoney/rm/hero/devel/include/rm_msgs/EngineerResult.h)
Linked: (/home/youngmoney/rm/hero/devel/.private/rm_msgs/include/rm_msgs/TargetDetectionArray.h, /home/youngmoney/rm/hero/devel/include/rm_msgs/TargetDetectionArray.h)
Linked: (/home/youngmoney/rm/hero/devel/.private/rm_msgs/include/rm_msgs/TofRadarData.h, /home/youngmoney/rm/hero/devel/include/rm_msgs/TofRadarData.h)
Linked: (/home/youngmoney/rm/hero/devel/.private/rm_msgs/include/rm_msgs/ActuatorState.h, /home/youngmoney/rm/hero/devel/include/rm_msgs/ActuatorState.h)
Linked: (/home/youngmoney/rm/hero/devel/.private/rm_msgs/include/rm_msgs/EngineerActionResult.h, /home/youngmoney/rm/hero/devel/include/rm_msgs/EngineerActionResult.h)
Linked: (/home/youngmoney/rm/hero/devel/.private/rm_msgs/include/rm_msgs/EngineerFeedback.h, /home/youngmoney/rm/hero/devel/include/rm_msgs/EngineerFeedback.h)
Linked: (/home/youngmoney/rm/hero/devel/.private/rm_msgs/include/rm_msgs/BulletRemaining.h, /home/youngmoney/rm/hero/devel/include/rm_msgs/BulletRemaining.h)
Linked: (/home/youngmoney/rm/hero/devel/.private/rm_msgs/include/rm_msgs/TargetDetection.h, /home/youngmoney/rm/hero/devel/include/rm_msgs/TargetDetection.h)
Linked: (/home/youngmoney/rm/hero/devel/.private/rm_msgs/include/rm_msgs/RfidStatus.h, /home/youngmoney/rm/hero/devel/include/rm_msgs/RfidStatus.h)
Linked: (/home/youngmoney/rm/hero/devel/.private/rm_msgs/include/rm_msgs/DartStatus.h, /home/youngmoney/rm/hero/devel/include/rm_msgs/DartStatus.h)
Linked: (/home/youngmoney/rm/hero/devel/.private/rm_msgs/include/rm_msgs/ShootData.h, /home/youngmoney/rm/hero/devel/include/rm_msgs/ShootData.h)
Linked: (/home/youngmoney/rm/hero/devel/.private/rm_msgs/include/rm_msgs/GimbalDesError.h, /home/youngmoney/rm/hero/devel/include/rm_msgs/GimbalDesError.h)
Linked: (/home/youngmoney/rm/hero/devel/.private/rm_msgs/include/rm_msgs/EngineerAction.h, /home/youngmoney/rm/hero/devel/include/rm_msgs/EngineerAction.h)
Linked: (/home/youngmoney/rm/hero/devel/.private/rm_msgs/include/rm_msgs/DartRemainingTime.h, /home/youngmoney/rm/hero/devel/include/rm_msgs/DartRemainingTime.h)
Linked: (/home/youngmoney/rm/hero/devel/.private/rm_msgs/include/rm_msgs/CapacityData.h, /home/youngmoney/rm/hero/devel/include/rm_msgs/CapacityData.h)
Linked: (/home/youngmoney/rm/hero/devel/.private/rm_msgs/include/rm_msgs/EngineerActionGoal.h, /home/youngmoney/rm/hero/devel/include/rm_msgs/EngineerActionGoal.h)
Linked: (/home/youngmoney/rm/hero/devel/.private/rm_msgs/include/rm_msgs/EnableImuTriggerResponse.h, /home/youngmoney/rm/hero/devel/include/rm_msgs/EnableImuTriggerResponse.h)
Linked: (/home/youngmoney/rm/hero/devel/.private/rm_msgs/include/rm_msgs/ShootCmd.h, /home/youngmoney/rm/hero/devel/include/rm_msgs/ShootCmd.h)
Linked: (/home/youngmoney/rm/hero/devel/.private/rm_msgs/include/rm_msgs/RobotHurt.h, /home/youngmoney/rm/hero/devel/include/rm_msgs/RobotHurt.h)
Linked: (/home/youngmoney/rm/hero/devel/.private/rm_msgs/include/rm_msgs/MovingAverageData.h, /home/youngmoney/rm/hero/devel/include/rm_msgs/MovingAverageData.h)
Linked: (/home/youngmoney/rm/hero/devel/.private/rm_msgs/include/rm_msgs/KalmanData.h, /home/youngmoney/rm/hero/devel/include/rm_msgs/KalmanData.h)
Linked: (/home/youngmoney/rm/hero/devel/.private/rm_msgs/include/rm_msgs/StatusChange.h, /home/youngmoney/rm/hero/devel/include/rm_msgs/StatusChange.h)
Linked: (/home/youngmoney/rm/hero/devel/.private/rm_msgs/include/rm_msgs/EnableImuTrigger.h, /home/youngmoney/rm/hero/devel/include/rm_msgs/EnableImuTrigger.h)
Linked: (/home/youngmoney/rm/hero/devel/.private/rm_msgs/include/rm_msgs/ContinousDetectorSwitchRequest.h, /home/youngmoney/rm/hero/devel/include/rm_msgs/ContinousDetectorSwitchRequest.h)
Linked: (/home/youngmoney/rm/hero/devel/.private/rm_msgs/include/rm_msgs/StatusChangeRequest.h, /home/youngmoney/rm/hero/devel/include/rm_msgs/StatusChangeRequest.h)
Linked: (/home/youngmoney/rm/hero/devel/.private/rm_msgs/include/rm_msgs/EnableImuTriggerRequest.h, /home/youngmoney/rm/hero/devel/include/rm_msgs/EnableImuTriggerRequest.h)
Linked: (/home/youngmoney/rm/hero/devel/.private/rm_msgs/include/rm_msgs/GimbalCmd.h, /home/youngmoney/rm/hero/devel/include/rm_msgs/GimbalCmd.h)
Linked: (/home/youngmoney/rm/hero/devel/.private/rm_msgs/share/rm_msgs/cmake/rm_msgsConfig-version.cmake, /home/youngmoney/rm/hero/devel/share/rm_msgs/cmake/rm_msgsConfig-version.cmake)
Linked: (/home/youngmoney/rm/hero/devel/.private/rm_msgs/share/rm_msgs/cmake/rm_msgs-msg-extras.cmake, /home/youngmoney/rm/hero/devel/share/rm_msgs/cmake/rm_msgs-msg-extras.cmake)
Linked: (/home/youngmoney/rm/hero/devel/.private/rm_msgs/share/rm_msgs/cmake/rm_msgsConfig.cmake, /home/youngmoney/rm/hero/devel/share/rm_msgs/cmake/rm_msgsConfig.cmake)
Linked: (/home/youngmoney/rm/hero/devel/.private/rm_msgs/share/rm_msgs/cmake/rm_msgs-msg-paths.cmake, /home/youngmoney/rm/hero/devel/share/rm_msgs/cmake/rm_msgs-msg-paths.cmake)
Linked: (/home/youngmoney/rm/hero/devel/.private/rm_msgs/share/rm_msgs/msg/EngineerActionFeedback.msg, /home/youngmoney/rm/hero/devel/share/rm_msgs/msg/EngineerActionFeedback.msg)
Linked: (/home/youngmoney/rm/hero/devel/.private/rm_msgs/share/rm_msgs/msg/EngineerFeedback.msg, /home/youngmoney/rm/hero/devel/share/rm_msgs/msg/EngineerFeedback.msg)
Linked: (/home/youngmoney/rm/hero/devel/.private/rm_msgs/share/rm_msgs/msg/EngineerResult.msg, /home/youngmoney/rm/hero/devel/share/rm_msgs/msg/EngineerResult.msg)
Linked: (/home/youngmoney/rm/hero/devel/.private/rm_msgs/share/rm_msgs/msg/EngineerActionResult.msg, /home/youngmoney/rm/hero/devel/share/rm_msgs/msg/EngineerActionResult.msg)
Linked: (/home/youngmoney/rm/hero/devel/.private/rm_msgs/share/rm_msgs/msg/EngineerGoal.msg, /home/youngmoney/rm/hero/devel/share/rm_msgs/msg/EngineerGoal.msg)
Linked: (/home/youngmoney/rm/hero/devel/.private/rm_msgs/share/rm_msgs/msg/EngineerActionGoal.msg, /home/youngmoney/rm/hero/devel/share/rm_msgs/msg/EngineerActionGoal.msg)
Linked: (/home/youngmoney/rm/hero/devel/.private/rm_msgs/share/rm_msgs/msg/EngineerAction.msg, /home/youngmoney/rm/hero/devel/share/rm_msgs/msg/EngineerAction.msg)
Linked: (/home/youngmoney/rm/hero/devel/.private/rm_msgs/share/gennodejs/ros/rm_msgs/_index.js, /home/youngmoney/rm/hero/devel/share/gennodejs/ros/rm_msgs/_index.js)
Linked: (/home/youngmoney/rm/hero/devel/.private/rm_msgs/share/gennodejs/ros/rm_msgs/msg/BulletRemaining.js, /home/youngmoney/rm/hero/devel/share/gennodejs/ros/rm_msgs/msg/BulletRemaining.js)
Linked: (/home/youngmoney/rm/hero/devel/.private/rm_msgs/share/gennodejs/ros/rm_msgs/msg/GimbalCmd.js, /home/youngmoney/rm/hero/devel/share/gennodejs/ros/rm_msgs/msg/GimbalCmd.js)
Linked: (/home/youngmoney/rm/hero/devel/.private/rm_msgs/share/gennodejs/ros/rm_msgs/msg/DartStatus.js, /home/youngmoney/rm/hero/devel/share/gennodejs/ros/rm_msgs/msg/DartStatus.js)
Linked: (/home/youngmoney/rm/hero/devel/.private/rm_msgs/share/gennodejs/ros/rm_msgs/msg/_index.js, /home/youngmoney/rm/hero/devel/share/gennodejs/ros/rm_msgs/msg/_index.js)
Linked: (/home/youngmoney/rm/hero/devel/.private/rm_msgs/share/gennodejs/ros/rm_msgs/msg/PowerHeatData.js, /home/youngmoney/rm/hero/devel/share/gennodejs/ros/rm_msgs/msg/PowerHeatData.js)
Linked: (/home/youngmoney/rm/hero/devel/.private/rm_msgs/share/gennodejs/ros/rm_msgs/msg/MovingAverageData.js, /home/youngmoney/rm/hero/devel/share/gennodejs/ros/rm_msgs/msg/MovingAverageData.js)
Linked: (/home/youngmoney/rm/hero/devel/.private/rm_msgs/share/gennodejs/ros/rm_msgs/msg/SupplyProjectileAction.js, /home/youngmoney/rm/hero/devel/share/gennodejs/ros/rm_msgs/msg/SupplyProjectileAction.js)
Linked: (/home/youngmoney/rm/hero/devel/.private/rm_msgs/share/gennodejs/ros/rm_msgs/msg/EngineerActionFeedback.js, /home/youngmoney/rm/hero/devel/share/gennodejs/ros/rm_msgs/msg/EngineerActionFeedback.js)
Linked: (/home/youngmoney/rm/hero/devel/.private/rm_msgs/share/gennodejs/ros/rm_msgs/msg/KalmanData.js, /home/youngmoney/rm/hero/devel/share/gennodejs/ros/rm_msgs/msg/KalmanData.js)
Linked: (/home/youngmoney/rm/hero/devel/.private/rm_msgs/share/gennodejs/ros/rm_msgs/msg/GameRobotHp.js, /home/youngmoney/rm/hero/devel/share/gennodejs/ros/rm_msgs/msg/GameRobotHp.js)
Linked: (/home/youngmoney/rm/hero/devel/.private/rm_msgs/share/gennodejs/ros/rm_msgs/msg/LpData.js, /home/youngmoney/rm/hero/devel/share/gennodejs/ros/rm_msgs/msg/LpData.js)
Linked: (/home/youngmoney/rm/hero/devel/.private/rm_msgs/share/gennodejs/ros/rm_msgs/msg/DartClientCmd.js, /home/youngmoney/rm/hero/devel/share/gennodejs/ros/rm_msgs/msg/DartClientCmd.js)
Linked: (/home/youngmoney/rm/hero/devel/.private/rm_msgs/share/gennodejs/ros/rm_msgs/msg/DartRemainingTime.js, /home/youngmoney/rm/hero/devel/share/gennodejs/ros/rm_msgs/msg/DartRemainingTime.js)
Linked: (/home/youngmoney/rm/hero/devel/.private/rm_msgs/share/gennodejs/ros/rm_msgs/msg/GimbalDesError.js, /home/youngmoney/rm/hero/devel/share/gennodejs/ros/rm_msgs/msg/GimbalDesError.js)
Linked: (/home/youngmoney/rm/hero/devel/.private/rm_msgs/share/gennodejs/ros/rm_msgs/msg/StateCmd.js, /home/youngmoney/rm/hero/devel/share/gennodejs/ros/rm_msgs/msg/StateCmd.js)
Linked: (/home/youngmoney/rm/hero/devel/.private/rm_msgs/share/gennodejs/ros/rm_msgs/msg/GpioData.js, /home/youngmoney/rm/hero/devel/share/gennodejs/ros/rm_msgs/msg/GpioData.js)
Linked: (/home/youngmoney/rm/hero/devel/.private/rm_msgs/share/gennodejs/ros/rm_msgs/msg/IcraBuffDebuffZoneStatus.js, /home/youngmoney/rm/hero/devel/share/gennodejs/ros/rm_msgs/msg/IcraBuffDebuffZoneStatus.js)
Linked: (/home/youngmoney/rm/hero/devel/.private/rm_msgs/share/gennodejs/ros/rm_msgs/msg/TargetDetection.js, /home/youngmoney/rm/hero/devel/share/gennodejs/ros/rm_msgs/msg/TargetDetection.js)
Linked: (/home/youngmoney/rm/hero/devel/.private/rm_msgs/share/gennodejs/ros/rm_msgs/msg/TofRadarData.js, /home/youngmoney/rm/hero/devel/share/gennodejs/ros/rm_msgs/msg/TofRadarData.js)
Linked: (/home/youngmoney/rm/hero/devel/.private/rm_msgs/share/gennodejs/ros/rm_msgs/msg/ManualToReferee.js, /home/youngmoney/rm/hero/devel/share/gennodejs/ros/rm_msgs/msg/ManualToReferee.js)
Linked: (/home/youngmoney/rm/hero/devel/.private/rm_msgs/share/gennodejs/ros/rm_msgs/msg/RadarData.js, /home/youngmoney/rm/hero/devel/share/gennodejs/ros/rm_msgs/msg/RadarData.js)
Linked: (/home/youngmoney/rm/hero/devel/.private/rm_msgs/share/gennodejs/ros/rm_msgs/msg/ChassisCmd.js, /home/youngmoney/rm/hero/devel/share/gennodejs/ros/rm_msgs/msg/ChassisCmd.js)
Linked: (/home/youngmoney/rm/hero/devel/.private/rm_msgs/share/gennodejs/ros/rm_msgs/msg/RobotHurt.js, /home/youngmoney/rm/hero/devel/share/gennodejs/ros/rm_msgs/msg/RobotHurt.js)
Linked: (/home/youngmoney/rm/hero/devel/.private/rm_msgs/share/gennodejs/ros/rm_msgs/msg/GameStatus.js, /home/youngmoney/rm/hero/devel/share/gennodejs/ros/rm_msgs/msg/GameStatus.js)
Linked: (/home/youngmoney/rm/hero/devel/.private/rm_msgs/share/gennodejs/ros/rm_msgs/msg/TrackData.js, /home/youngmoney/rm/hero/devel/share/gennodejs/ros/rm_msgs/msg/TrackData.js)
Linked: (/home/youngmoney/rm/hero/devel/.private/rm_msgs/share/gennodejs/ros/rm_msgs/msg/CapacityData.js, /home/youngmoney/rm/hero/devel/share/gennodejs/ros/rm_msgs/msg/CapacityData.js)
Linked: (/home/youngmoney/rm/hero/devel/.private/rm_msgs/share/gennodejs/ros/rm_msgs/msg/ActuatorState.js, /home/youngmoney/rm/hero/devel/share/gennodejs/ros/rm_msgs/msg/ActuatorState.js)
Linked: (/home/youngmoney/rm/hero/devel/.private/rm_msgs/share/gennodejs/ros/rm_msgs/msg/EngineerAction.js, /home/youngmoney/rm/hero/devel/share/gennodejs/ros/rm_msgs/msg/EngineerAction.js)
Linked: (/home/youngmoney/rm/hero/devel/.private/rm_msgs/share/gennodejs/ros/rm_msgs/msg/EngineerActionGoal.js, /home/youngmoney/rm/hero/devel/share/gennodejs/ros/rm_msgs/msg/EngineerActionGoal.js)
Linked: (/home/youngmoney/rm/hero/devel/.private/rm_msgs/share/gennodejs/ros/rm_msgs/msg/ShootCmd.js, /home/youngmoney/rm/hero/devel/share/gennodejs/ros/rm_msgs/msg/ShootCmd.js)
Linked: (/home/youngmoney/rm/hero/devel/.private/rm_msgs/share/gennodejs/ros/rm_msgs/msg/GameRobotStatus.js, /home/youngmoney/rm/hero/devel/share/gennodejs/ros/rm_msgs/msg/GameRobotStatus.js)
Linked: (/home/youngmoney/rm/hero/devel/.private/rm_msgs/share/gennodejs/ros/rm_msgs/msg/ShootData.js, /home/youngmoney/rm/hero/devel/share/gennodejs/ros/rm_msgs/msg/ShootData.js)
Linked: (/home/youngmoney/rm/hero/devel/.private/rm_msgs/share/gennodejs/ros/rm_msgs/msg/BalanceState.js, /home/youngmoney/rm/hero/devel/share/gennodejs/ros/rm_msgs/msg/BalanceState.js)
Linked: (/home/youngmoney/rm/hero/devel/.private/rm_msgs/share/gennodejs/ros/rm_msgs/msg/EngineerActionResult.js, /home/youngmoney/rm/hero/devel/share/gennodejs/ros/rm_msgs/msg/EngineerActionResult.js)
Linked: (/home/youngmoney/rm/hero/devel/.private/rm_msgs/share/gennodejs/ros/rm_msgs/msg/RfidStatus.js, /home/youngmoney/rm/hero/devel/share/gennodejs/ros/rm_msgs/msg/RfidStatus.js)
Linked: (/home/youngmoney/rm/hero/devel/.private/rm_msgs/share/gennodejs/ros/rm_msgs/msg/EngineerGoal.js, /home/youngmoney/rm/hero/devel/share/gennodejs/ros/rm_msgs/msg/EngineerGoal.js)
Linked: (/home/youngmoney/rm/hero/devel/.private/rm_msgs/share/gennodejs/ros/rm_msgs/msg/SuperCapacitor.js, /home/youngmoney/rm/hero/devel/share/gennodejs/ros/rm_msgs/msg/SuperCapacitor.js)
Linked: (/home/youngmoney/rm/hero/devel/.private/rm_msgs/share/gennodejs/ros/rm_msgs/msg/EngineerCmd.js, /home/youngmoney/rm/hero/devel/share/gennodejs/ros/rm_msgs/msg/EngineerCmd.js)
Linked: (/home/youngmoney/rm/hero/devel/.private/rm_msgs/share/gennodejs/ros/rm_msgs/msg/TargetDetectionArray.js, /home/youngmoney/rm/hero/devel/share/gennodejs/ros/rm_msgs/msg/TargetDetectionArray.js)
Linked: (/home/youngmoney/rm/hero/devel/.private/rm_msgs/share/gennodejs/ros/rm_msgs/msg/EngineerFeedback.js, /home/youngmoney/rm/hero/devel/share/gennodejs/ros/rm_msgs/msg/EngineerFeedback.js)
Linked: (/home/youngmoney/rm/hero/devel/.private/rm_msgs/share/gennodejs/ros/rm_msgs/msg/EngineerResult.js, /home/youngmoney/rm/hero/devel/share/gennodejs/ros/rm_msgs/msg/EngineerResult.js)
Linked: (/home/youngmoney/rm/hero/devel/.private/rm_msgs/share/gennodejs/ros/rm_msgs/msg/DbusData.js, /home/youngmoney/rm/hero/devel/share/gennodejs/ros/rm_msgs/msg/DbusData.js)
Linked: (/home/youngmoney/rm/hero/devel/.private/rm_msgs/share/gennodejs/ros/rm_msgs/msg/EventData.js, /home/youngmoney/rm/hero/devel/share/gennodejs/ros/rm_msgs/msg/EventData.js)
Linked: (/home/youngmoney/rm/hero/devel/.private/rm_msgs/share/gennodejs/ros/rm_msgs/srv/_index.js, /home/youngmoney/rm/hero/devel/share/gennodejs/ros/rm_msgs/srv/_index.js)
Linked: (/home/youngmoney/rm/hero/devel/.private/rm_msgs/share/gennodejs/ros/rm_msgs/srv/CameraStatus.js, /home/youngmoney/rm/hero/devel/share/gennodejs/ros/rm_msgs/srv/CameraStatus.js)
Linked: (/home/youngmoney/rm/hero/devel/.private/rm_msgs/share/gennodejs/ros/rm_msgs/srv/EnableImuTrigger.js, /home/youngmoney/rm/hero/devel/share/gennodejs/ros/rm_msgs/srv/EnableImuTrigger.js)
Linked: (/home/youngmoney/rm/hero/devel/.private/rm_msgs/share/gennodejs/ros/rm_msgs/srv/StatusChange.js, /home/youngmoney/rm/hero/devel/share/gennodejs/ros/rm_msgs/srv/StatusChange.js)
Linked: (/home/youngmoney/rm/hero/devel/.private/rm_msgs/share/gennodejs/ros/rm_msgs/srv/ContinousDetectorSwitch.js, /home/youngmoney/rm/hero/devel/share/gennodejs/ros/rm_msgs/srv/ContinousDetectorSwitch.js)
Linked: (/home/youngmoney/rm/hero/devel/.private/rm_msgs/share/roseus/ros/rm_msgs/manifest.l, /home/youngmoney/rm/hero/devel/share/roseus/ros/rm_msgs/manifest.l)
Linked: (/home/youngmoney/rm/hero/devel/.private/rm_msgs/share/roseus/ros/rm_msgs/msg/EventData.l, /home/youngmoney/rm/hero/devel/share/roseus/ros/rm_msgs/msg/EventData.l)
Linked: (/home/youngmoney/rm/hero/devel/.private/rm_msgs/share/roseus/ros/rm_msgs/msg/EngineerActionResult.l, /home/youngmoney/rm/hero/devel/share/roseus/ros/rm_msgs/msg/EngineerActionResult.l)
Linked: (/home/youngmoney/rm/hero/devel/.private/rm_msgs/share/roseus/ros/rm_msgs/msg/TargetDetectionArray.l, /home/youngmoney/rm/hero/devel/share/roseus/ros/rm_msgs/msg/TargetDetectionArray.l)
Linked: (/home/youngmoney/rm/hero/devel/.private/rm_msgs/share/roseus/ros/rm_msgs/msg/DartClientCmd.l, /home/youngmoney/rm/hero/devel/share/roseus/ros/rm_msgs/msg/DartClientCmd.l)
Linked: (/home/youngmoney/rm/hero/devel/.private/rm_msgs/share/roseus/ros/rm_msgs/msg/GimbalCmd.l, /home/youngmoney/rm/hero/devel/share/roseus/ros/rm_msgs/msg/GimbalCmd.l)
Linked: (/home/youngmoney/rm/hero/devel/.private/rm_msgs/share/roseus/ros/rm_msgs/msg/EngineerFeedback.l, /home/youngmoney/rm/hero/devel/share/roseus/ros/rm_msgs/msg/EngineerFeedback.l)
Linked: (/home/youngmoney/rm/hero/devel/.private/rm_msgs/share/roseus/ros/rm_msgs/msg/GameRobotStatus.l, /home/youngmoney/rm/hero/devel/share/roseus/ros/rm_msgs/msg/GameRobotStatus.l)
Linked: (/home/youngmoney/rm/hero/devel/.private/rm_msgs/share/roseus/ros/rm_msgs/msg/DbusData.l, /home/youngmoney/rm/hero/devel/share/roseus/ros/rm_msgs/msg/DbusData.l)
Linked: (/home/youngmoney/rm/hero/devel/.private/rm_msgs/share/roseus/ros/rm_msgs/msg/StateCmd.l, /home/youngmoney/rm/hero/devel/share/roseus/ros/rm_msgs/msg/StateCmd.l)
Linked: (/home/youngmoney/rm/hero/devel/.private/rm_msgs/share/roseus/ros/rm_msgs/msg/ManualToReferee.l, /home/youngmoney/rm/hero/devel/share/roseus/ros/rm_msgs/msg/ManualToReferee.l)
Linked: (/home/youngmoney/rm/hero/devel/.private/rm_msgs/share/roseus/ros/rm_msgs/msg/TofRadarData.l, /home/youngmoney/rm/hero/devel/share/roseus/ros/rm_msgs/msg/TofRadarData.l)
Linked: (/home/youngmoney/rm/hero/devel/.private/rm_msgs/share/roseus/ros/rm_msgs/msg/DartRemainingTime.l, /home/youngmoney/rm/hero/devel/share/roseus/ros/rm_msgs/msg/DartRemainingTime.l)
Linked: (/home/youngmoney/rm/hero/devel/.private/rm_msgs/share/roseus/ros/rm_msgs/msg/IcraBuffDebuffZoneStatus.l, /home/youngmoney/rm/hero/devel/share/roseus/ros/rm_msgs/msg/IcraBuffDebuffZoneStatus.l)
Linked: (/home/youngmoney/rm/hero/devel/.private/rm_msgs/share/roseus/ros/rm_msgs/msg/PowerHeatData.l, /home/youngmoney/rm/hero/devel/share/roseus/ros/rm_msgs/msg/PowerHeatData.l)
Linked: (/home/youngmoney/rm/hero/devel/.private/rm_msgs/share/roseus/ros/rm_msgs/msg/EngineerAction.l, /home/youngmoney/rm/hero/devel/share/roseus/ros/rm_msgs/msg/EngineerAction.l)
Linked: (/home/youngmoney/rm/hero/devel/.private/rm_msgs/share/roseus/ros/rm_msgs/msg/EngineerGoal.l, /home/youngmoney/rm/hero/devel/share/roseus/ros/rm_msgs/msg/EngineerGoal.l)
Linked: (/home/youngmoney/rm/hero/devel/.private/rm_msgs/share/roseus/ros/rm_msgs/msg/DartStatus.l, /home/youngmoney/rm/hero/devel/share/roseus/ros/rm_msgs/msg/DartStatus.l)
Linked: (/home/youngmoney/rm/hero/devel/.private/rm_msgs/share/roseus/ros/rm_msgs/msg/RadarData.l, /home/youngmoney/rm/hero/devel/share/roseus/ros/rm_msgs/msg/RadarData.l)
Linked: (/home/youngmoney/rm/hero/devel/.private/rm_msgs/share/roseus/ros/rm_msgs/msg/MovingAverageData.l, /home/youngmoney/rm/hero/devel/share/roseus/ros/rm_msgs/msg/MovingAverageData.l)
Linked: (/home/youngmoney/rm/hero/devel/.private/rm_msgs/share/roseus/ros/rm_msgs/msg/EngineerCmd.l, /home/youngmoney/rm/hero/devel/share/roseus/ros/rm_msgs/msg/EngineerCmd.l)
Linked: (/home/youngmoney/rm/hero/devel/.private/rm_msgs/share/roseus/ros/rm_msgs/msg/TargetDetection.l, /home/youngmoney/rm/hero/devel/share/roseus/ros/rm_msgs/msg/TargetDetection.l)
Linked: (/home/youngmoney/rm/hero/devel/.private/rm_msgs/share/roseus/ros/rm_msgs/msg/GimbalDesError.l, /home/youngmoney/rm/hero/devel/share/roseus/ros/rm_msgs/msg/GimbalDesError.l)
Linked: (/home/youngmoney/rm/hero/devel/.private/rm_msgs/share/roseus/ros/rm_msgs/msg/KalmanData.l, /home/youngmoney/rm/hero/devel/share/roseus/ros/rm_msgs/msg/KalmanData.l)
Linked: (/home/youngmoney/rm/hero/devel/.private/rm_msgs/share/roseus/ros/rm_msgs/msg/GameStatus.l, /home/youngmoney/rm/hero/devel/share/roseus/ros/rm_msgs/msg/GameStatus.l)
Linked: (/home/youngmoney/rm/hero/devel/.private/rm_msgs/share/roseus/ros/rm_msgs/msg/EngineerResult.l, /home/youngmoney/rm/hero/devel/share/roseus/ros/rm_msgs/msg/EngineerResult.l)
Linked: (/home/youngmoney/rm/hero/devel/.private/rm_msgs/share/roseus/ros/rm_msgs/msg/TrackData.l, /home/youngmoney/rm/hero/devel/share/roseus/ros/rm_msgs/msg/TrackData.l)
Linked: (/home/youngmoney/rm/hero/devel/.private/rm_msgs/share/roseus/ros/rm_msgs/msg/CapacityData.l, /home/youngmoney/rm/hero/devel/share/roseus/ros/rm_msgs/msg/CapacityData.l)
Linked: (/home/youngmoney/rm/hero/devel/.private/rm_msgs/share/roseus/ros/rm_msgs/msg/EngineerActionGoal.l, /home/youngmoney/rm/hero/devel/share/roseus/ros/rm_msgs/msg/EngineerActionGoal.l)
Linked: (/home/youngmoney/rm/hero/devel/.private/rm_msgs/share/roseus/ros/rm_msgs/msg/GpioData.l, /home/youngmoney/rm/hero/devel/share/roseus/ros/rm_msgs/msg/GpioData.l)
Linked: (/home/youngmoney/rm/hero/devel/.private/rm_msgs/share/roseus/ros/rm_msgs/msg/RobotHurt.l, /home/youngmoney/rm/hero/devel/share/roseus/ros/rm_msgs/msg/RobotHurt.l)
Linked: (/home/youngmoney/rm/hero/devel/.private/rm_msgs/share/roseus/ros/rm_msgs/msg/BalanceState.l, /home/youngmoney/rm/hero/devel/share/roseus/ros/rm_msgs/msg/BalanceState.l)
Linked: (/home/youngmoney/rm/hero/devel/.private/rm_msgs/share/roseus/ros/rm_msgs/msg/LpData.l, /home/youngmoney/rm/hero/devel/share/roseus/ros/rm_msgs/msg/LpData.l)
Linked: (/home/youngmoney/rm/hero/devel/.private/rm_msgs/share/roseus/ros/rm_msgs/msg/RfidStatus.l, /home/youngmoney/rm/hero/devel/share/roseus/ros/rm_msgs/msg/RfidStatus.l)
Linked: (/home/youngmoney/rm/hero/devel/.private/rm_msgs/share/roseus/ros/rm_msgs/msg/SupplyProjectileAction.l, /home/youngmoney/rm/hero/devel/share/roseus/ros/rm_msgs/msg/SupplyProjectileAction.l)
Linked: (/home/youngmoney/rm/hero/devel/.private/rm_msgs/share/roseus/ros/rm_msgs/msg/SuperCapacitor.l, /home/youngmoney/rm/hero/devel/share/roseus/ros/rm_msgs/msg/SuperCapacitor.l)
Linked: (/home/youngmoney/rm/hero/devel/.private/rm_msgs/share/roseus/ros/rm_msgs/msg/EngineerActionFeedback.l, /home/youngmoney/rm/hero/devel/share/roseus/ros/rm_msgs/msg/EngineerActionFeedback.l)
Linked: (/home/youngmoney/rm/hero/devel/.private/rm_msgs/share/roseus/ros/rm_msgs/msg/ShootData.l, /home/youngmoney/rm/hero/devel/share/roseus/ros/rm_msgs/msg/ShootData.l)
Linked: (/home/youngmoney/rm/hero/devel/.private/rm_msgs/share/roseus/ros/rm_msgs/msg/ShootCmd.l, /home/youngmoney/rm/hero/devel/share/roseus/ros/rm_msgs/msg/ShootCmd.l)
Linked: (/home/youngmoney/rm/hero/devel/.private/rm_msgs/share/roseus/ros/rm_msgs/msg/BulletRemaining.l, /home/youngmoney/rm/hero/devel/share/roseus/ros/rm_msgs/msg/BulletRemaining.l)
Linked: (/home/youngmoney/rm/hero/devel/.private/rm_msgs/share/roseus/ros/rm_msgs/msg/ChassisCmd.l, /home/youngmoney/rm/hero/devel/share/roseus/ros/rm_msgs/msg/ChassisCmd.l)
Linked: (/home/youngmoney/rm/hero/devel/.private/rm_msgs/share/roseus/ros/rm_msgs/msg/GameRobotHp.l, /home/youngmoney/rm/hero/devel/share/roseus/ros/rm_msgs/msg/GameRobotHp.l)
Linked: (/home/youngmoney/rm/hero/devel/.private/rm_msgs/share/roseus/ros/rm_msgs/msg/ActuatorState.l, /home/youngmoney/rm/hero/devel/share/roseus/ros/rm_msgs/msg/ActuatorState.l)
Linked: (/home/youngmoney/rm/hero/devel/.private/rm_msgs/share/roseus/ros/rm_msgs/srv/CameraStatus.l, /home/youngmoney/rm/hero/devel/share/roseus/ros/rm_msgs/srv/CameraStatus.l)
Linked: (/home/youngmoney/rm/hero/devel/.private/rm_msgs/share/roseus/ros/rm_msgs/srv/EnableImuTrigger.l, /home/youngmoney/rm/hero/devel/share/roseus/ros/rm_msgs/srv/EnableImuTrigger.l)
Linked: (/home/youngmoney/rm/hero/devel/.private/rm_msgs/share/roseus/ros/rm_msgs/srv/StatusChange.l, /home/youngmoney/rm/hero/devel/share/roseus/ros/rm_msgs/srv/StatusChange.l)
Linked: (/home/youngmoney/rm/hero/devel/.private/rm_msgs/share/roseus/ros/rm_msgs/srv/ContinousDetectorSwitch.l, /home/youngmoney/rm/hero/devel/share/roseus/ros/rm_msgs/srv/ContinousDetectorSwitch.l)
Linked: (/home/youngmoney/rm/hero/devel/.private/rm_msgs/share/common-lisp/ros/rm_msgs/msg/GameRobotHp.lisp, /home/youngmoney/rm/hero/devel/share/common-lisp/ros/rm_msgs/msg/GameRobotHp.lisp)
Linked: (/home/youngmoney/rm/hero/devel/.private/rm_msgs/share/common-lisp/ros/rm_msgs/msg/_package_LpData.lisp, /home/youngmoney/rm/hero/devel/share/common-lisp/ros/rm_msgs/msg/_package_LpData.lisp)
Linked: (/home/youngmoney/rm/hero/devel/.private/rm_msgs/share/common-lisp/ros/rm_msgs/msg/_package_EngineerCmd.lisp, /home/youngmoney/rm/hero/devel/share/common-lisp/ros/rm_msgs/msg/_package_EngineerCmd.lisp)
Linked: (/home/youngmoney/rm/hero/devel/.private/rm_msgs/share/common-lisp/ros/rm_msgs/msg/TargetDetectionArray.lisp, /home/youngmoney/rm/hero/devel/share/common-lisp/ros/rm_msgs/msg/TargetDetectionArray.lisp)
Linked: (/home/youngmoney/rm/hero/devel/.private/rm_msgs/share/common-lisp/ros/rm_msgs/msg/_package_PowerHeatData.lisp, /home/youngmoney/rm/hero/devel/share/common-lisp/ros/rm_msgs/msg/_package_PowerHeatData.lisp)
Linked: (/home/youngmoney/rm/hero/devel/.private/rm_msgs/share/common-lisp/ros/rm_msgs/msg/MovingAverageData.lisp, /home/youngmoney/rm/hero/devel/share/common-lisp/ros/rm_msgs/msg/MovingAverageData.lisp)
Linked: (/home/youngmoney/rm/hero/devel/.private/rm_msgs/share/common-lisp/ros/rm_msgs/msg/IcraBuffDebuffZoneStatus.lisp, /home/youngmoney/rm/hero/devel/share/common-lisp/ros/rm_msgs/msg/IcraBuffDebuffZoneStatus.lisp)
Linked: (/home/youngmoney/rm/hero/devel/.private/rm_msgs/share/common-lisp/ros/rm_msgs/msg/RobotHurt.lisp, /home/youngmoney/rm/hero/devel/share/common-lisp/ros/rm_msgs/msg/RobotHurt.lisp)
Linked: (/home/youngmoney/rm/hero/devel/.private/rm_msgs/share/common-lisp/ros/rm_msgs/msg/_package_EngineerActionFeedback.lisp, /home/youngmoney/rm/hero/devel/share/common-lisp/ros/rm_msgs/msg/_package_EngineerActionFeedback.lisp)
Linked: (/home/youngmoney/rm/hero/devel/.private/rm_msgs/share/common-lisp/ros/rm_msgs/msg/_package_KalmanData.lisp, /home/youngmoney/rm/hero/devel/share/common-lisp/ros/rm_msgs/msg/_package_KalmanData.lisp)
Linked: (/home/youngmoney/rm/hero/devel/.private/rm_msgs/share/common-lisp/ros/rm_msgs/msg/_package_GpioData.lisp, /home/youngmoney/rm/hero/devel/share/common-lisp/ros/rm_msgs/msg/_package_GpioData.lisp)
Linked: (/home/youngmoney/rm/hero/devel/.private/rm_msgs/share/common-lisp/ros/rm_msgs/msg/SuperCapacitor.lisp, /home/youngmoney/rm/hero/devel/share/common-lisp/ros/rm_msgs/msg/SuperCapacitor.lisp)
Linked: (/home/youngmoney/rm/hero/devel/.private/rm_msgs/share/common-lisp/ros/rm_msgs/msg/PowerHeatData.lisp, /home/youngmoney/rm/hero/devel/share/common-lisp/ros/rm_msgs/msg/PowerHeatData.lisp)
Linked: (/home/youngmoney/rm/hero/devel/.private/rm_msgs/share/common-lisp/ros/rm_msgs/msg/DartRemainingTime.lisp, /home/youngmoney/rm/hero/devel/share/common-lisp/ros/rm_msgs/msg/DartRemainingTime.lisp)
Linked: (/home/youngmoney/rm/hero/devel/.private/rm_msgs/share/common-lisp/ros/rm_msgs/msg/EventData.lisp, /home/youngmoney/rm/hero/devel/share/common-lisp/ros/rm_msgs/msg/EventData.lisp)
Linked: (/home/youngmoney/rm/hero/devel/.private/rm_msgs/share/common-lisp/ros/rm_msgs/msg/_package_SupplyProjectileAction.lisp, /home/youngmoney/rm/hero/devel/share/common-lisp/ros/rm_msgs/msg/_package_SupplyProjectileAction.lisp)
Linked: (/home/youngmoney/rm/hero/devel/.private/rm_msgs/share/common-lisp/ros/rm_msgs/msg/CapacityData.lisp, /home/youngmoney/rm/hero/devel/share/common-lisp/ros/rm_msgs/msg/CapacityData.lisp)
Linked: (/home/youngmoney/rm/hero/devel/.private/rm_msgs/share/common-lisp/ros/rm_msgs/msg/RfidStatus.lisp, /home/youngmoney/rm/hero/devel/share/common-lisp/ros/rm_msgs/msg/RfidStatus.lisp)
Linked: (/home/youngmoney/rm/hero/devel/.private/rm_msgs/share/common-lisp/ros/rm_msgs/msg/ManualToReferee.lisp, /home/youngmoney/rm/hero/devel/share/common-lisp/ros/rm_msgs/msg/ManualToReferee.lisp)
Linked: (/home/youngmoney/rm/hero/devel/.private/rm_msgs/share/common-lisp/ros/rm_msgs/msg/ShootData.lisp, /home/youngmoney/rm/hero/devel/share/common-lisp/ros/rm_msgs/msg/ShootData.lisp)
Linked: (/home/youngmoney/rm/hero/devel/.private/rm_msgs/share/common-lisp/ros/rm_msgs/msg/_package_IcraBuffDebuffZoneStatus.lisp, /home/youngmoney/rm/hero/devel/share/common-lisp/ros/rm_msgs/msg/_package_IcraBuffDebuffZoneStatus.lisp)
Linked: (/home/youngmoney/rm/hero/devel/.private/rm_msgs/share/common-lisp/ros/rm_msgs/msg/_package_DartStatus.lisp, /home/youngmoney/rm/hero/devel/share/common-lisp/ros/rm_msgs/msg/_package_DartStatus.lisp)
Linked: (/home/youngmoney/rm/hero/devel/.private/rm_msgs/share/common-lisp/ros/rm_msgs/msg/TofRadarData.lisp, /home/youngmoney/rm/hero/devel/share/common-lisp/ros/rm_msgs/msg/TofRadarData.lisp)
Linked: (/home/youngmoney/rm/hero/devel/.private/rm_msgs/share/common-lisp/ros/rm_msgs/msg/_package_TargetDetectionArray.lisp, /home/youngmoney/rm/hero/devel/share/common-lisp/ros/rm_msgs/msg/_package_TargetDetectionArray.lisp)
Linked: (/home/youngmoney/rm/hero/devel/.private/rm_msgs/share/common-lisp/ros/rm_msgs/msg/_package_GimbalDesError.lisp, /home/youngmoney/rm/hero/devel/share/common-lisp/ros/rm_msgs/msg/_package_GimbalDesError.lisp)
Linked: (/home/youngmoney/rm/hero/devel/.private/rm_msgs/share/common-lisp/ros/rm_msgs/msg/TargetDetection.lisp, /home/youngmoney/rm/hero/devel/share/common-lisp/ros/rm_msgs/msg/TargetDetection.lisp)
Linked: (/home/youngmoney/rm/hero/devel/.private/rm_msgs/share/common-lisp/ros/rm_msgs/msg/_package_ChassisCmd.lisp, /home/youngmoney/rm/hero/devel/share/common-lisp/ros/rm_msgs/msg/_package_ChassisCmd.lisp)
Linked: (/home/youngmoney/rm/hero/devel/.private/rm_msgs/share/common-lisp/ros/rm_msgs/msg/_package_EventData.lisp, /home/youngmoney/rm/hero/devel/share/common-lisp/ros/rm_msgs/msg/_package_EventData.lisp)
Linked: (/home/youngmoney/rm/hero/devel/.private/rm_msgs/share/common-lisp/ros/rm_msgs/msg/GpioData.lisp, /home/youngmoney/rm/hero/devel/share/common-lisp/ros/rm_msgs/msg/GpioData.lisp)
Linked: (/home/youngmoney/rm/hero/devel/.private/rm_msgs/share/common-lisp/ros/rm_msgs/msg/TrackData.lisp, /home/youngmoney/rm/hero/devel/share/common-lisp/ros/rm_msgs/msg/TrackData.lisp)
Linked: (/home/youngmoney/rm/hero/devel/.private/rm_msgs/share/common-lisp/ros/rm_msgs/msg/ActuatorState.lisp, /home/youngmoney/rm/hero/devel/share/common-lisp/ros/rm_msgs/msg/ActuatorState.lisp)
Linked: (/home/youngmoney/rm/hero/devel/.private/rm_msgs/share/common-lisp/ros/rm_msgs/msg/_package_RfidStatus.lisp, /home/youngmoney/rm/hero/devel/share/common-lisp/ros/rm_msgs/msg/_package_RfidStatus.lisp)
Linked: (/home/youngmoney/rm/hero/devel/.private/rm_msgs/share/common-lisp/ros/rm_msgs/msg/_package_TargetDetection.lisp, /home/youngmoney/rm/hero/devel/share/common-lisp/ros/rm_msgs/msg/_package_TargetDetection.lisp)
Linked: (/home/youngmoney/rm/hero/devel/.private/rm_msgs/share/common-lisp/ros/rm_msgs/msg/EngineerActionGoal.lisp, /home/youngmoney/rm/hero/devel/share/common-lisp/ros/rm_msgs/msg/EngineerActionGoal.lisp)
Linked: (/home/youngmoney/rm/hero/devel/.private/rm_msgs/share/common-lisp/ros/rm_msgs/msg/GameRobotStatus.lisp, /home/youngmoney/rm/hero/devel/share/common-lisp/ros/rm_msgs/msg/GameRobotStatus.lisp)
Linked: (/home/youngmoney/rm/hero/devel/.private/rm_msgs/share/common-lisp/ros/rm_msgs/msg/SupplyProjectileAction.lisp, /home/youngmoney/rm/hero/devel/share/common-lisp/ros/rm_msgs/msg/SupplyProjectileAction.lisp)
Linked: (/home/youngmoney/rm/hero/devel/.private/rm_msgs/share/common-lisp/ros/rm_msgs/msg/DbusData.lisp, /home/youngmoney/rm/hero/devel/share/common-lisp/ros/rm_msgs/msg/DbusData.lisp)
Linked: (/home/youngmoney/rm/hero/devel/.private/rm_msgs/share/common-lisp/ros/rm_msgs/msg/StateCmd.lisp, /home/youngmoney/rm/hero/devel/share/common-lisp/ros/rm_msgs/msg/StateCmd.lisp)
Linked: (/home/youngmoney/rm/hero/devel/.private/rm_msgs/share/common-lisp/ros/rm_msgs/msg/EngineerActionResult.lisp, /home/youngmoney/rm/hero/devel/share/common-lisp/ros/rm_msgs/msg/EngineerActionResult.lisp)
Linked: (/home/youngmoney/rm/hero/devel/.private/rm_msgs/share/common-lisp/ros/rm_msgs/msg/_package_DartClientCmd.lisp, /home/youngmoney/rm/hero/devel/share/common-lisp/ros/rm_msgs/msg/_package_DartClientCmd.lisp)
Linked: (/home/youngmoney/rm/hero/devel/.private/rm_msgs/share/common-lisp/ros/rm_msgs/msg/EngineerAction.lisp, /home/youngmoney/rm/hero/devel/share/common-lisp/ros/rm_msgs/msg/EngineerAction.lisp)
Linked: (/home/youngmoney/rm/hero/devel/.private/rm_msgs/share/common-lisp/ros/rm_msgs/msg/EngineerGoal.lisp, /home/youngmoney/rm/hero/devel/share/common-lisp/ros/rm_msgs/msg/EngineerGoal.lisp)
Linked: (/home/youngmoney/rm/hero/devel/.private/rm_msgs/share/common-lisp/ros/rm_msgs/msg/_package_ShootCmd.lisp, /home/youngmoney/rm/hero/devel/share/common-lisp/ros/rm_msgs/msg/_package_ShootCmd.lisp)
Linked: (/home/youngmoney/rm/hero/devel/.private/rm_msgs/share/common-lisp/ros/rm_msgs/msg/_package_ManualToReferee.lisp, /home/youngmoney/rm/hero/devel/share/common-lisp/ros/rm_msgs/msg/_package_ManualToReferee.lisp)
Linked: (/home/youngmoney/rm/hero/devel/.private/rm_msgs/share/common-lisp/ros/rm_msgs/msg/_package_GameStatus.lisp, /home/youngmoney/rm/hero/devel/share/common-lisp/ros/rm_msgs/msg/_package_GameStatus.lisp)
Linked: (/home/youngmoney/rm/hero/devel/.private/rm_msgs/share/common-lisp/ros/rm_msgs/msg/_package_MovingAverageData.lisp, /home/youngmoney/rm/hero/devel/share/common-lisp/ros/rm_msgs/msg/_package_MovingAverageData.lisp)
Linked: (/home/youngmoney/rm/hero/devel/.private/rm_msgs/share/common-lisp/ros/rm_msgs/msg/_package_EngineerResult.lisp, /home/youngmoney/rm/hero/devel/share/common-lisp/ros/rm_msgs/msg/_package_EngineerResult.lisp)
Linked: (/home/youngmoney/rm/hero/devel/.private/rm_msgs/share/common-lisp/ros/rm_msgs/msg/GimbalDesError.lisp, /home/youngmoney/rm/hero/devel/share/common-lisp/ros/rm_msgs/msg/GimbalDesError.lisp)
Linked: (/home/youngmoney/rm/hero/devel/.private/rm_msgs/share/common-lisp/ros/rm_msgs/msg/_package_ShootData.lisp, /home/youngmoney/rm/hero/devel/share/common-lisp/ros/rm_msgs/msg/_package_ShootData.lisp)
Linked: (/home/youngmoney/rm/hero/devel/.private/rm_msgs/share/common-lisp/ros/rm_msgs/msg/_package_GameRobotStatus.lisp, /home/youngmoney/rm/hero/devel/share/common-lisp/ros/rm_msgs/msg/_package_GameRobotStatus.lisp)
Linked: (/home/youngmoney/rm/hero/devel/.private/rm_msgs/share/common-lisp/ros/rm_msgs/msg/ShootCmd.lisp, /home/youngmoney/rm/hero/devel/share/common-lisp/ros/rm_msgs/msg/ShootCmd.lisp)
Linked: (/home/youngmoney/rm/hero/devel/.private/rm_msgs/share/common-lisp/ros/rm_msgs/msg/_package_TofRadarData.lisp, /home/youngmoney/rm/hero/devel/share/common-lisp/ros/rm_msgs/msg/_package_TofRadarData.lisp)
Linked: (/home/youngmoney/rm/hero/devel/.private/rm_msgs/share/common-lisp/ros/rm_msgs/msg/KalmanData.lisp, /home/youngmoney/rm/hero/devel/share/common-lisp/ros/rm_msgs/msg/KalmanData.lisp)
Linked: (/home/youngmoney/rm/hero/devel/.private/rm_msgs/share/common-lisp/ros/rm_msgs/msg/GimbalCmd.lisp, /home/youngmoney/rm/hero/devel/share/common-lisp/ros/rm_msgs/msg/GimbalCmd.lisp)
Linked: (/home/youngmoney/rm/hero/devel/.private/rm_msgs/share/common-lisp/ros/rm_msgs/msg/_package_EngineerGoal.lisp, /home/youngmoney/rm/hero/devel/share/common-lisp/ros/rm_msgs/msg/_package_EngineerGoal.lisp)
Linked: (/home/youngmoney/rm/hero/devel/.private/rm_msgs/share/common-lisp/ros/rm_msgs/msg/_package_CapacityData.lisp, /home/youngmoney/rm/hero/devel/share/common-lisp/ros/rm_msgs/msg/_package_CapacityData.lisp)
Linked: (/home/youngmoney/rm/hero/devel/.private/rm_msgs/share/common-lisp/ros/rm_msgs/msg/RadarData.lisp, /home/youngmoney/rm/hero/devel/share/common-lisp/ros/rm_msgs/msg/RadarData.lisp)
Linked: (/home/youngmoney/rm/hero/devel/.private/rm_msgs/share/common-lisp/ros/rm_msgs/msg/_package_EngineerActionResult.lisp, /home/youngmoney/rm/hero/devel/share/common-lisp/ros/rm_msgs/msg/_package_EngineerActionResult.lisp)
Linked: (/home/youngmoney/rm/hero/devel/.private/rm_msgs/share/common-lisp/ros/rm_msgs/msg/LpData.lisp, /home/youngmoney/rm/hero/devel/share/common-lisp/ros/rm_msgs/msg/LpData.lisp)
Linked: (/home/youngmoney/rm/hero/devel/.private/rm_msgs/share/common-lisp/ros/rm_msgs/msg/ChassisCmd.lisp, /home/youngmoney/rm/hero/devel/share/common-lisp/ros/rm_msgs/msg/ChassisCmd.lisp)
Linked: (/home/youngmoney/rm/hero/devel/.private/rm_msgs/share/common-lisp/ros/rm_msgs/msg/_package_DbusData.lisp, /home/youngmoney/rm/hero/devel/share/common-lisp/ros/rm_msgs/msg/_package_DbusData.lisp)
Linked: (/home/youngmoney/rm/hero/devel/.private/rm_msgs/share/common-lisp/ros/rm_msgs/msg/GameStatus.lisp, /home/youngmoney/rm/hero/devel/share/common-lisp/ros/rm_msgs/msg/GameStatus.lisp)
Linked: (/home/youngmoney/rm/hero/devel/.private/rm_msgs/share/common-lisp/ros/rm_msgs/msg/EngineerFeedback.lisp, /home/youngmoney/rm/hero/devel/share/common-lisp/ros/rm_msgs/msg/EngineerFeedback.lisp)
Linked: (/home/youngmoney/rm/hero/devel/.private/rm_msgs/share/common-lisp/ros/rm_msgs/msg/_package_StateCmd.lisp, /home/youngmoney/rm/hero/devel/share/common-lisp/ros/rm_msgs/msg/_package_StateCmd.lisp)
Linked: (/home/youngmoney/rm/hero/devel/.private/rm_msgs/share/common-lisp/ros/rm_msgs/msg/EngineerCmd.lisp, /home/youngmoney/rm/hero/devel/share/common-lisp/ros/rm_msgs/msg/EngineerCmd.lisp)
Linked: (/home/youngmoney/rm/hero/devel/.private/rm_msgs/share/common-lisp/ros/rm_msgs/msg/rm_msgs-msg.asd, /home/youngmoney/rm/hero/devel/share/common-lisp/ros/rm_msgs/msg/rm_msgs-msg.asd)
Linked: (/home/youngmoney/rm/hero/devel/.private/rm_msgs/share/common-lisp/ros/rm_msgs/msg/_package_GimbalCmd.lisp, /home/youngmoney/rm/hero/devel/share/common-lisp/ros/rm_msgs/msg/_package_GimbalCmd.lisp)
Linked: (/home/youngmoney/rm/hero/devel/.private/rm_msgs/share/common-lisp/ros/rm_msgs/msg/BulletRemaining.lisp, /home/youngmoney/rm/hero/devel/share/common-lisp/ros/rm_msgs/msg/BulletRemaining.lisp)
Linked: (/home/youngmoney/rm/hero/devel/.private/rm_msgs/share/common-lisp/ros/rm_msgs/msg/_package_SuperCapacitor.lisp, /home/youngmoney/rm/hero/devel/share/common-lisp/ros/rm_msgs/msg/_package_SuperCapacitor.lisp)
Linked: (/home/youngmoney/rm/hero/devel/.private/rm_msgs/share/common-lisp/ros/rm_msgs/msg/_package_BalanceState.lisp, /home/youngmoney/rm/hero/devel/share/common-lisp/ros/rm_msgs/msg/_package_BalanceState.lisp)
Linked: (/home/youngmoney/rm/hero/devel/.private/rm_msgs/share/common-lisp/ros/rm_msgs/msg/_package_TrackData.lisp, /home/youngmoney/rm/hero/devel/share/common-lisp/ros/rm_msgs/msg/_package_TrackData.lisp)
Linked: (/home/youngmoney/rm/hero/devel/.private/rm_msgs/share/common-lisp/ros/rm_msgs/msg/_package_DartRemainingTime.lisp, /home/youngmoney/rm/hero/devel/share/common-lisp/ros/rm_msgs/msg/_package_DartRemainingTime.lisp)
Linked: (/home/youngmoney/rm/hero/devel/.private/rm_msgs/share/common-lisp/ros/rm_msgs/msg/_package_GameRobotHp.lisp, /home/youngmoney/rm/hero/devel/share/common-lisp/ros/rm_msgs/msg/_package_GameRobotHp.lisp)
Linked: (/home/youngmoney/rm/hero/devel/.private/rm_msgs/share/common-lisp/ros/rm_msgs/msg/_package_EngineerFeedback.lisp, /home/youngmoney/rm/hero/devel/share/common-lisp/ros/rm_msgs/msg/_package_EngineerFeedback.lisp)
Linked: (/home/youngmoney/rm/hero/devel/.private/rm_msgs/share/common-lisp/ros/rm_msgs/msg/_package.lisp, /home/youngmoney/rm/hero/devel/share/common-lisp/ros/rm_msgs/msg/_package.lisp)
Linked: (/home/youngmoney/rm/hero/devel/.private/rm_msgs/share/common-lisp/ros/rm_msgs/msg/_package_RadarData.lisp, /home/youngmoney/rm/hero/devel/share/common-lisp/ros/rm_msgs/msg/_package_RadarData.lisp)
Linked: (/home/youngmoney/rm/hero/devel/.private/rm_msgs/share/common-lisp/ros/rm_msgs/msg/_package_EngineerAction.lisp, /home/youngmoney/rm/hero/devel/share/common-lisp/ros/rm_msgs/msg/_package_EngineerAction.lisp)
Linked: (/home/youngmoney/rm/hero/devel/.private/rm_msgs/share/common-lisp/ros/rm_msgs/msg/DartClientCmd.lisp, /home/youngmoney/rm/hero/devel/share/common-lisp/ros/rm_msgs/msg/DartClientCmd.lisp)
Linked: (/home/youngmoney/rm/hero/devel/.private/rm_msgs/share/common-lisp/ros/rm_msgs/msg/EngineerResult.lisp, /home/youngmoney/rm/hero/devel/share/common-lisp/ros/rm_msgs/msg/EngineerResult.lisp)
Linked: (/home/youngmoney/rm/hero/devel/.private/rm_msgs/share/common-lisp/ros/rm_msgs/msg/BalanceState.lisp, /home/youngmoney/rm/hero/devel/share/common-lisp/ros/rm_msgs/msg/BalanceState.lisp)
Linked: (/home/youngmoney/rm/hero/devel/.private/rm_msgs/share/common-lisp/ros/rm_msgs/msg/_package_EngineerActionGoal.lisp, /home/youngmoney/rm/hero/devel/share/common-lisp/ros/rm_msgs/msg/_package_EngineerActionGoal.lisp)
Linked: (/home/youngmoney/rm/hero/devel/.private/rm_msgs/share/common-lisp/ros/rm_msgs/msg/_package_BulletRemaining.lisp, /home/youngmoney/rm/hero/devel/share/common-lisp/ros/rm_msgs/msg/_package_BulletRemaining.lisp)
Linked: (/home/youngmoney/rm/hero/devel/.private/rm_msgs/share/common-lisp/ros/rm_msgs/msg/EngineerActionFeedback.lisp, /home/youngmoney/rm/hero/devel/share/common-lisp/ros/rm_msgs/msg/EngineerActionFeedback.lisp)
Linked: (/home/youngmoney/rm/hero/devel/.private/rm_msgs/share/common-lisp/ros/rm_msgs/msg/DartStatus.lisp, /home/youngmoney/rm/hero/devel/share/common-lisp/ros/rm_msgs/msg/DartStatus.lisp)
Linked: (/home/youngmoney/rm/hero/devel/.private/rm_msgs/share/common-lisp/ros/rm_msgs/msg/_package_ActuatorState.lisp, /home/youngmoney/rm/hero/devel/share/common-lisp/ros/rm_msgs/msg/_package_ActuatorState.lisp)
Linked: (/home/youngmoney/rm/hero/devel/.private/rm_msgs/share/common-lisp/ros/rm_msgs/msg/_package_RobotHurt.lisp, /home/youngmoney/rm/hero/devel/share/common-lisp/ros/rm_msgs/msg/_package_RobotHurt.lisp)
Linked: (/home/youngmoney/rm/hero/devel/.private/rm_msgs/share/common-lisp/ros/rm_msgs/srv/StatusChange.lisp, /home/youngmoney/rm/hero/devel/share/common-lisp/ros/rm_msgs/srv/StatusChange.lisp)
Linked: (/home/youngmoney/rm/hero/devel/.private/rm_msgs/share/common-lisp/ros/rm_msgs/srv/rm_msgs-srv.asd, /home/youngmoney/rm/hero/devel/share/common-lisp/ros/rm_msgs/srv/rm_msgs-srv.asd)
Linked: (/home/youngmoney/rm/hero/devel/.private/rm_msgs/share/common-lisp/ros/rm_msgs/srv/CameraStatus.lisp, /home/youngmoney/rm/hero/devel/share/common-lisp/ros/rm_msgs/srv/CameraStatus.lisp)
Linked: (/home/youngmoney/rm/hero/devel/.private/rm_msgs/share/common-lisp/ros/rm_msgs/srv/ContinousDetectorSwitch.lisp, /home/youngmoney/rm/hero/devel/share/common-lisp/ros/rm_msgs/srv/ContinousDetectorSwitch.lisp)
Linked: (/home/youngmoney/rm/hero/devel/.private/rm_msgs/share/common-lisp/ros/rm_msgs/srv/_package_CameraStatus.lisp, /home/youngmoney/rm/hero/devel/share/common-lisp/ros/rm_msgs/srv/_package_CameraStatus.lisp)
Linked: (/home/youngmoney/rm/hero/devel/.private/rm_msgs/share/common-lisp/ros/rm_msgs/srv/_package_ContinousDetectorSwitch.lisp, /home/youngmoney/rm/hero/devel/share/common-lisp/ros/rm_msgs/srv/_package_ContinousDetectorSwitch.lisp)
Linked: (/home/youngmoney/rm/hero/devel/.private/rm_msgs/share/common-lisp/ros/rm_msgs/srv/EnableImuTrigger.lisp, /home/youngmoney/rm/hero/devel/share/common-lisp/ros/rm_msgs/srv/EnableImuTrigger.lisp)
Linked: (/home/youngmoney/rm/hero/devel/.private/rm_msgs/share/common-lisp/ros/rm_msgs/srv/_package_EnableImuTrigger.lisp, /home/youngmoney/rm/hero/devel/share/common-lisp/ros/rm_msgs/srv/_package_EnableImuTrigger.lisp)
Linked: (/home/youngmoney/rm/hero/devel/.private/rm_msgs/share/common-lisp/ros/rm_msgs/srv/_package.lisp, /home/youngmoney/rm/hero/devel/share/common-lisp/ros/rm_msgs/srv/_package.lisp)
Linked: (/home/youngmoney/rm/hero/devel/.private/rm_msgs/share/common-lisp/ros/rm_msgs/srv/_package_StatusChange.lisp, /home/youngmoney/rm/hero/devel/share/common-lisp/ros/rm_msgs/srv/_package_StatusChange.lisp)
