Symlinking /home/youngmoney/rm/hero/devel/lib/python3/dist-packages/rm_msgs/__init__.py
Symlinking /home/youngmoney/rm/hero/devel/lib/python3/dist-packages/rm_msgs/msg/_GpioData.py
Symlinking /home/youngmoney/rm/hero/devel/lib/python3/dist-packages/rm_msgs/msg/_BalanceState.py
Symlinking /home/youngmoney/rm/hero/devel/lib/python3/dist-packages/rm_msgs/msg/_ShootCmd.py
Symlinking /home/youngmoney/rm/hero/devel/lib/python3/dist-packages/rm_msgs/msg/_StateCmd.py
Symlinking /home/youngmoney/rm/hero/devel/lib/python3/dist-packages/rm_msgs/msg/_KalmanData.py
Symlinking /home/youngmoney/rm/hero/devel/lib/python3/dist-packages/rm_msgs/msg/_EngineerFeedback.py
Symlinking /home/youngmoney/rm/hero/devel/lib/python3/dist-packages/rm_msgs/msg/_IcraBuffDebuffZoneStatus.py
Symlinking /home/youngmoney/rm/hero/devel/lib/python3/dist-packages/rm_msgs/msg/_PowerHeatData.py
Symlinking /home/youngmoney/rm/hero/devel/lib/python3/dist-packages/rm_msgs/msg/_GameRobotHp.py
Symlinking /home/youngmoney/rm/hero/devel/lib/python3/dist-packages/rm_msgs/msg/_RobotHurt.py
Symlinking /home/youngmoney/rm/hero/devel/lib/python3/dist-packages/rm_msgs/msg/_SupplyProjectileAction.py
Symlinking /home/youngmoney/rm/hero/devel/lib/python3/dist-packages/rm_msgs/msg/_GimbalDesError.py
Symlinking /home/youngmoney/rm/hero/devel/lib/python3/dist-packages/rm_msgs/msg/_TofRadarData.py
Symlinking /home/youngmoney/rm/hero/devel/lib/python3/dist-packages/rm_msgs/msg/_TargetDetectionArray.py
Symlinking /home/youngmoney/rm/hero/devel/lib/python3/dist-packages/rm_msgs/msg/_GameRobotStatus.py
Symlinking /home/youngmoney/rm/hero/devel/lib/python3/dist-packages/rm_msgs/msg/_EngineerActionFeedback.py
Symlinking /home/youngmoney/rm/hero/devel/lib/python3/dist-packages/rm_msgs/msg/_ManualToReferee.py
Symlinking /home/youngmoney/rm/hero/devel/lib/python3/dist-packages/rm_msgs/msg/_SuperCapacitor.py
Symlinking /home/youngmoney/rm/hero/devel/lib/python3/dist-packages/rm_msgs/msg/_EngineerResult.py
Symlinking /home/youngmoney/rm/hero/devel/lib/python3/dist-packages/rm_msgs/msg/_CapacityData.py
Symlinking /home/youngmoney/rm/hero/devel/lib/python3/dist-packages/rm_msgs/msg/_MovingAverageData.py
Symlinking /home/youngmoney/rm/hero/devel/lib/python3/dist-packages/rm_msgs/msg/_ChassisCmd.py
Symlinking /home/youngmoney/rm/hero/devel/lib/python3/dist-packages/rm_msgs/msg/_EngineerGoal.py
Symlinking /home/youngmoney/rm/hero/devel/lib/python3/dist-packages/rm_msgs/msg/_RadarData.py
Symlinking /home/youngmoney/rm/hero/devel/lib/python3/dist-packages/rm_msgs/msg/_RfidStatus.py
Symlinking /home/youngmoney/rm/hero/devel/lib/python3/dist-packages/rm_msgs/msg/_LpData.py
Symlinking /home/youngmoney/rm/hero/devel/lib/python3/dist-packages/rm_msgs/msg/_TrackData.py
Symlinking /home/youngmoney/rm/hero/devel/lib/python3/dist-packages/rm_msgs/msg/__init__.py
Symlinking /home/youngmoney/rm/hero/devel/lib/python3/dist-packages/rm_msgs/msg/_EventData.py
Symlinking /home/youngmoney/rm/hero/devel/lib/python3/dist-packages/rm_msgs/msg/_TargetDetection.py
Symlinking /home/youngmoney/rm/hero/devel/lib/python3/dist-packages/rm_msgs/msg/_EngineerActionResult.py
Symlinking /home/youngmoney/rm/hero/devel/lib/python3/dist-packages/rm_msgs/msg/_EngineerCmd.py
Symlinking /home/youngmoney/rm/hero/devel/lib/python3/dist-packages/rm_msgs/msg/_BulletRemaining.py
Symlinking /home/youngmoney/rm/hero/devel/lib/python3/dist-packages/rm_msgs/msg/_ShootData.py
Symlinking /home/youngmoney/rm/hero/devel/lib/python3/dist-packages/rm_msgs/msg/_DartStatus.py
Symlinking /home/youngmoney/rm/hero/devel/lib/python3/dist-packages/rm_msgs/msg/_EngineerActionGoal.py
Symlinking /home/youngmoney/rm/hero/devel/lib/python3/dist-packages/rm_msgs/msg/_GimbalCmd.py
Symlinking /home/youngmoney/rm/hero/devel/lib/python3/dist-packages/rm_msgs/msg/_DartRemainingTime.py
Symlinking /home/youngmoney/rm/hero/devel/lib/python3/dist-packages/rm_msgs/msg/_EngineerAction.py
Symlinking /home/youngmoney/rm/hero/devel/lib/python3/dist-packages/rm_msgs/msg/_ActuatorState.py
Symlinking /home/youngmoney/rm/hero/devel/lib/python3/dist-packages/rm_msgs/msg/_GameStatus.py
Symlinking /home/youngmoney/rm/hero/devel/lib/python3/dist-packages/rm_msgs/msg/_DbusData.py
Symlinking /home/youngmoney/rm/hero/devel/lib/python3/dist-packages/rm_msgs/msg/_DartClientCmd.py
Symlinking /home/youngmoney/rm/hero/devel/lib/python3/dist-packages/rm_msgs/srv/_CameraStatus.py
Symlinking /home/youngmoney/rm/hero/devel/lib/python3/dist-packages/rm_msgs/srv/_ContinousDetectorSwitch.py
Symlinking /home/youngmoney/rm/hero/devel/lib/python3/dist-packages/rm_msgs/srv/_EnableImuTrigger.py
Symlinking /home/youngmoney/rm/hero/devel/lib/python3/dist-packages/rm_msgs/srv/_StatusChange.py
Symlinking /home/youngmoney/rm/hero/devel/lib/python3/dist-packages/rm_msgs/srv/__init__.py
Symlinking /home/youngmoney/rm/hero/devel/lib/pkgconfig/rm_msgs.pc
Symlinking /home/youngmoney/rm/hero/devel/include/rm_msgs/StateCmd.h
Symlinking /home/youngmoney/rm/hero/devel/include/rm_msgs/TrackData.h
Symlinking /home/youngmoney/rm/hero/devel/include/rm_msgs/CameraStatus.h
Symlinking /home/youngmoney/rm/hero/devel/include/rm_msgs/EventData.h
Symlinking /home/youngmoney/rm/hero/devel/include/rm_msgs/IcraBuffDebuffZoneStatus.h
Symlinking /home/youngmoney/rm/hero/devel/include/rm_msgs/ContinousDetectorSwitch.h
Symlinking /home/youngmoney/rm/hero/devel/include/rm_msgs/CameraStatusRequest.h
Symlinking /home/youngmoney/rm/hero/devel/include/rm_msgs/StatusChangeResponse.h
Symlinking /home/youngmoney/rm/hero/devel/include/rm_msgs/EngineerCmd.h
Symlinking /home/youngmoney/rm/hero/devel/include/rm_msgs/ChassisCmd.h
Symlinking /home/youngmoney/rm/hero/devel/include/rm_msgs/SuperCapacitor.h
Symlinking /home/youngmoney/rm/hero/devel/include/rm_msgs/ManualToReferee.h
Symlinking /home/youngmoney/rm/hero/devel/include/rm_msgs/BalanceState.h
Symlinking /home/youngmoney/rm/hero/devel/include/rm_msgs/RadarData.h
Symlinking /home/youngmoney/rm/hero/devel/include/rm_msgs/SupplyProjectileAction.h
Symlinking /home/youngmoney/rm/hero/devel/include/rm_msgs/CameraStatusResponse.h
Symlinking /home/youngmoney/rm/hero/devel/include/rm_msgs/GameRobotHp.h
Symlinking /home/youngmoney/rm/hero/devel/include/rm_msgs/ContinousDetectorSwitchResponse.h
Symlinking /home/youngmoney/rm/hero/devel/include/rm_msgs/GpioData.h
Symlinking /home/youngmoney/rm/hero/devel/include/rm_msgs/GameRobotStatus.h
Symlinking /home/youngmoney/rm/hero/devel/include/rm_msgs/LpData.h
Symlinking /home/youngmoney/rm/hero/devel/include/rm_msgs/DbusData.h
Symlinking /home/youngmoney/rm/hero/devel/include/rm_msgs/PowerHeatData.h
Symlinking /home/youngmoney/rm/hero/devel/include/rm_msgs/EngineerActionFeedback.h
Symlinking /home/youngmoney/rm/hero/devel/include/rm_msgs/GameStatus.h
Symlinking /home/youngmoney/rm/hero/devel/include/rm_msgs/EngineerGoal.h
Symlinking /home/youngmoney/rm/hero/devel/include/rm_msgs/DartClientCmd.h
Symlinking /home/youngmoney/rm/hero/devel/include/rm_msgs/EngineerResult.h
Symlinking /home/youngmoney/rm/hero/devel/include/rm_msgs/TargetDetectionArray.h
Symlinking /home/youngmoney/rm/hero/devel/include/rm_msgs/TofRadarData.h
Symlinking /home/youngmoney/rm/hero/devel/include/rm_msgs/ActuatorState.h
Symlinking /home/youngmoney/rm/hero/devel/include/rm_msgs/EngineerActionResult.h
Symlinking /home/youngmoney/rm/hero/devel/include/rm_msgs/EngineerFeedback.h
Symlinking /home/youngmoney/rm/hero/devel/include/rm_msgs/BulletRemaining.h
Symlinking /home/youngmoney/rm/hero/devel/include/rm_msgs/TargetDetection.h
Symlinking /home/youngmoney/rm/hero/devel/include/rm_msgs/RfidStatus.h
Symlinking /home/youngmoney/rm/hero/devel/include/rm_msgs/DartStatus.h
Symlinking /home/youngmoney/rm/hero/devel/include/rm_msgs/ShootData.h
Symlinking /home/youngmoney/rm/hero/devel/include/rm_msgs/GimbalDesError.h
Symlinking /home/youngmoney/rm/hero/devel/include/rm_msgs/EngineerAction.h
Symlinking /home/youngmoney/rm/hero/devel/include/rm_msgs/DartRemainingTime.h
Symlinking /home/youngmoney/rm/hero/devel/include/rm_msgs/CapacityData.h
Symlinking /home/youngmoney/rm/hero/devel/include/rm_msgs/EngineerActionGoal.h
Symlinking /home/youngmoney/rm/hero/devel/include/rm_msgs/EnableImuTriggerResponse.h
Symlinking /home/youngmoney/rm/hero/devel/include/rm_msgs/ShootCmd.h
Symlinking /home/youngmoney/rm/hero/devel/include/rm_msgs/RobotHurt.h
Symlinking /home/youngmoney/rm/hero/devel/include/rm_msgs/MovingAverageData.h
Symlinking /home/youngmoney/rm/hero/devel/include/rm_msgs/KalmanData.h
Symlinking /home/youngmoney/rm/hero/devel/include/rm_msgs/StatusChange.h
Symlinking /home/youngmoney/rm/hero/devel/include/rm_msgs/EnableImuTrigger.h
Symlinking /home/youngmoney/rm/hero/devel/include/rm_msgs/ContinousDetectorSwitchRequest.h
Symlinking /home/youngmoney/rm/hero/devel/include/rm_msgs/StatusChangeRequest.h
Symlinking /home/youngmoney/rm/hero/devel/include/rm_msgs/EnableImuTriggerRequest.h
Symlinking /home/youngmoney/rm/hero/devel/include/rm_msgs/GimbalCmd.h
Symlinking /home/youngmoney/rm/hero/devel/share/rm_msgs/cmake/rm_msgsConfig-version.cmake
Symlinking /home/youngmoney/rm/hero/devel/share/rm_msgs/cmake/rm_msgs-msg-extras.cmake
Symlinking /home/youngmoney/rm/hero/devel/share/rm_msgs/cmake/rm_msgsConfig.cmake
Symlinking /home/youngmoney/rm/hero/devel/share/rm_msgs/cmake/rm_msgs-msg-paths.cmake
Symlinking /home/youngmoney/rm/hero/devel/share/rm_msgs/msg/EngineerActionFeedback.msg
Symlinking /home/youngmoney/rm/hero/devel/share/rm_msgs/msg/EngineerFeedback.msg
Symlinking /home/youngmoney/rm/hero/devel/share/rm_msgs/msg/EngineerResult.msg
Symlinking /home/youngmoney/rm/hero/devel/share/rm_msgs/msg/EngineerActionResult.msg
Symlinking /home/youngmoney/rm/hero/devel/share/rm_msgs/msg/EngineerGoal.msg
Symlinking /home/youngmoney/rm/hero/devel/share/rm_msgs/msg/EngineerActionGoal.msg
Symlinking /home/youngmoney/rm/hero/devel/share/rm_msgs/msg/EngineerAction.msg
Symlinking /home/youngmoney/rm/hero/devel/share/gennodejs/ros/rm_msgs/_index.js
Symlinking /home/youngmoney/rm/hero/devel/share/gennodejs/ros/rm_msgs/msg/BulletRemaining.js
Symlinking /home/youngmoney/rm/hero/devel/share/gennodejs/ros/rm_msgs/msg/GimbalCmd.js
Symlinking /home/youngmoney/rm/hero/devel/share/gennodejs/ros/rm_msgs/msg/DartStatus.js
Symlinking /home/youngmoney/rm/hero/devel/share/gennodejs/ros/rm_msgs/msg/_index.js
Symlinking /home/youngmoney/rm/hero/devel/share/gennodejs/ros/rm_msgs/msg/PowerHeatData.js
Symlinking /home/youngmoney/rm/hero/devel/share/gennodejs/ros/rm_msgs/msg/MovingAverageData.js
Symlinking /home/youngmoney/rm/hero/devel/share/gennodejs/ros/rm_msgs/msg/SupplyProjectileAction.js
Symlinking /home/youngmoney/rm/hero/devel/share/gennodejs/ros/rm_msgs/msg/EngineerActionFeedback.js
Symlinking /home/youngmoney/rm/hero/devel/share/gennodejs/ros/rm_msgs/msg/KalmanData.js
Symlinking /home/youngmoney/rm/hero/devel/share/gennodejs/ros/rm_msgs/msg/GameRobotHp.js
Symlinking /home/youngmoney/rm/hero/devel/share/gennodejs/ros/rm_msgs/msg/LpData.js
Symlinking /home/youngmoney/rm/hero/devel/share/gennodejs/ros/rm_msgs/msg/DartClientCmd.js
Symlinking /home/youngmoney/rm/hero/devel/share/gennodejs/ros/rm_msgs/msg/DartRemainingTime.js
Symlinking /home/youngmoney/rm/hero/devel/share/gennodejs/ros/rm_msgs/msg/GimbalDesError.js
Symlinking /home/youngmoney/rm/hero/devel/share/gennodejs/ros/rm_msgs/msg/StateCmd.js
Symlinking /home/youngmoney/rm/hero/devel/share/gennodejs/ros/rm_msgs/msg/GpioData.js
Symlinking /home/youngmoney/rm/hero/devel/share/gennodejs/ros/rm_msgs/msg/IcraBuffDebuffZoneStatus.js
Symlinking /home/youngmoney/rm/hero/devel/share/gennodejs/ros/rm_msgs/msg/TargetDetection.js
Symlinking /home/youngmoney/rm/hero/devel/share/gennodejs/ros/rm_msgs/msg/TofRadarData.js
Symlinking /home/youngmoney/rm/hero/devel/share/gennodejs/ros/rm_msgs/msg/ManualToReferee.js
Symlinking /home/youngmoney/rm/hero/devel/share/gennodejs/ros/rm_msgs/msg/RadarData.js
Symlinking /home/youngmoney/rm/hero/devel/share/gennodejs/ros/rm_msgs/msg/ChassisCmd.js
Symlinking /home/youngmoney/rm/hero/devel/share/gennodejs/ros/rm_msgs/msg/RobotHurt.js
Symlinking /home/youngmoney/rm/hero/devel/share/gennodejs/ros/rm_msgs/msg/GameStatus.js
Symlinking /home/youngmoney/rm/hero/devel/share/gennodejs/ros/rm_msgs/msg/TrackData.js
Symlinking /home/youngmoney/rm/hero/devel/share/gennodejs/ros/rm_msgs/msg/CapacityData.js
Symlinking /home/youngmoney/rm/hero/devel/share/gennodejs/ros/rm_msgs/msg/ActuatorState.js
Symlinking /home/youngmoney/rm/hero/devel/share/gennodejs/ros/rm_msgs/msg/EngineerAction.js
Symlinking /home/youngmoney/rm/hero/devel/share/gennodejs/ros/rm_msgs/msg/EngineerActionGoal.js
Symlinking /home/youngmoney/rm/hero/devel/share/gennodejs/ros/rm_msgs/msg/ShootCmd.js
Symlinking /home/youngmoney/rm/hero/devel/share/gennodejs/ros/rm_msgs/msg/GameRobotStatus.js
Symlinking /home/youngmoney/rm/hero/devel/share/gennodejs/ros/rm_msgs/msg/ShootData.js
Symlinking /home/youngmoney/rm/hero/devel/share/gennodejs/ros/rm_msgs/msg/BalanceState.js
Symlinking /home/youngmoney/rm/hero/devel/share/gennodejs/ros/rm_msgs/msg/EngineerActionResult.js
Symlinking /home/youngmoney/rm/hero/devel/share/gennodejs/ros/rm_msgs/msg/RfidStatus.js
Symlinking /home/youngmoney/rm/hero/devel/share/gennodejs/ros/rm_msgs/msg/EngineerGoal.js
Symlinking /home/youngmoney/rm/hero/devel/share/gennodejs/ros/rm_msgs/msg/SuperCapacitor.js
Symlinking /home/youngmoney/rm/hero/devel/share/gennodejs/ros/rm_msgs/msg/EngineerCmd.js
Symlinking /home/youngmoney/rm/hero/devel/share/gennodejs/ros/rm_msgs/msg/TargetDetectionArray.js
Symlinking /home/youngmoney/rm/hero/devel/share/gennodejs/ros/rm_msgs/msg/EngineerFeedback.js
Symlinking /home/youngmoney/rm/hero/devel/share/gennodejs/ros/rm_msgs/msg/EngineerResult.js
Symlinking /home/youngmoney/rm/hero/devel/share/gennodejs/ros/rm_msgs/msg/DbusData.js
Symlinking /home/youngmoney/rm/hero/devel/share/gennodejs/ros/rm_msgs/msg/EventData.js
Symlinking /home/youngmoney/rm/hero/devel/share/gennodejs/ros/rm_msgs/srv/_index.js
Symlinking /home/youngmoney/rm/hero/devel/share/gennodejs/ros/rm_msgs/srv/CameraStatus.js
Symlinking /home/youngmoney/rm/hero/devel/share/gennodejs/ros/rm_msgs/srv/EnableImuTrigger.js
Symlinking /home/youngmoney/rm/hero/devel/share/gennodejs/ros/rm_msgs/srv/StatusChange.js
Symlinking /home/youngmoney/rm/hero/devel/share/gennodejs/ros/rm_msgs/srv/ContinousDetectorSwitch.js
Symlinking /home/youngmoney/rm/hero/devel/share/roseus/ros/rm_msgs/manifest.l
Symlinking /home/youngmoney/rm/hero/devel/share/roseus/ros/rm_msgs/msg/EventData.l
Symlinking /home/youngmoney/rm/hero/devel/share/roseus/ros/rm_msgs/msg/EngineerActionResult.l
Symlinking /home/youngmoney/rm/hero/devel/share/roseus/ros/rm_msgs/msg/TargetDetectionArray.l
Symlinking /home/youngmoney/rm/hero/devel/share/roseus/ros/rm_msgs/msg/DartClientCmd.l
Symlinking /home/youngmoney/rm/hero/devel/share/roseus/ros/rm_msgs/msg/GimbalCmd.l
Symlinking /home/youngmoney/rm/hero/devel/share/roseus/ros/rm_msgs/msg/EngineerFeedback.l
Symlinking /home/youngmoney/rm/hero/devel/share/roseus/ros/rm_msgs/msg/GameRobotStatus.l
Symlinking /home/youngmoney/rm/hero/devel/share/roseus/ros/rm_msgs/msg/DbusData.l
Symlinking /home/youngmoney/rm/hero/devel/share/roseus/ros/rm_msgs/msg/StateCmd.l
Symlinking /home/youngmoney/rm/hero/devel/share/roseus/ros/rm_msgs/msg/ManualToReferee.l
Symlinking /home/youngmoney/rm/hero/devel/share/roseus/ros/rm_msgs/msg/TofRadarData.l
Symlinking /home/youngmoney/rm/hero/devel/share/roseus/ros/rm_msgs/msg/DartRemainingTime.l
Symlinking /home/youngmoney/rm/hero/devel/share/roseus/ros/rm_msgs/msg/IcraBuffDebuffZoneStatus.l
Symlinking /home/youngmoney/rm/hero/devel/share/roseus/ros/rm_msgs/msg/PowerHeatData.l
Symlinking /home/youngmoney/rm/hero/devel/share/roseus/ros/rm_msgs/msg/EngineerAction.l
Symlinking /home/youngmoney/rm/hero/devel/share/roseus/ros/rm_msgs/msg/EngineerGoal.l
Symlinking /home/youngmoney/rm/hero/devel/share/roseus/ros/rm_msgs/msg/DartStatus.l
Symlinking /home/youngmoney/rm/hero/devel/share/roseus/ros/rm_msgs/msg/RadarData.l
Symlinking /home/youngmoney/rm/hero/devel/share/roseus/ros/rm_msgs/msg/MovingAverageData.l
Symlinking /home/youngmoney/rm/hero/devel/share/roseus/ros/rm_msgs/msg/EngineerCmd.l
Symlinking /home/youngmoney/rm/hero/devel/share/roseus/ros/rm_msgs/msg/TargetDetection.l
Symlinking /home/youngmoney/rm/hero/devel/share/roseus/ros/rm_msgs/msg/GimbalDesError.l
Symlinking /home/youngmoney/rm/hero/devel/share/roseus/ros/rm_msgs/msg/KalmanData.l
Symlinking /home/youngmoney/rm/hero/devel/share/roseus/ros/rm_msgs/msg/GameStatus.l
Symlinking /home/youngmoney/rm/hero/devel/share/roseus/ros/rm_msgs/msg/EngineerResult.l
Symlinking /home/youngmoney/rm/hero/devel/share/roseus/ros/rm_msgs/msg/TrackData.l
Symlinking /home/youngmoney/rm/hero/devel/share/roseus/ros/rm_msgs/msg/CapacityData.l
Symlinking /home/youngmoney/rm/hero/devel/share/roseus/ros/rm_msgs/msg/EngineerActionGoal.l
Symlinking /home/youngmoney/rm/hero/devel/share/roseus/ros/rm_msgs/msg/GpioData.l
Symlinking /home/youngmoney/rm/hero/devel/share/roseus/ros/rm_msgs/msg/RobotHurt.l
Symlinking /home/youngmoney/rm/hero/devel/share/roseus/ros/rm_msgs/msg/BalanceState.l
Symlinking /home/youngmoney/rm/hero/devel/share/roseus/ros/rm_msgs/msg/LpData.l
Symlinking /home/youngmoney/rm/hero/devel/share/roseus/ros/rm_msgs/msg/RfidStatus.l
Symlinking /home/youngmoney/rm/hero/devel/share/roseus/ros/rm_msgs/msg/SupplyProjectileAction.l
Symlinking /home/youngmoney/rm/hero/devel/share/roseus/ros/rm_msgs/msg/SuperCapacitor.l
Symlinking /home/youngmoney/rm/hero/devel/share/roseus/ros/rm_msgs/msg/EngineerActionFeedback.l
Symlinking /home/youngmoney/rm/hero/devel/share/roseus/ros/rm_msgs/msg/ShootData.l
Symlinking /home/youngmoney/rm/hero/devel/share/roseus/ros/rm_msgs/msg/ShootCmd.l
Symlinking /home/youngmoney/rm/hero/devel/share/roseus/ros/rm_msgs/msg/BulletRemaining.l
Symlinking /home/youngmoney/rm/hero/devel/share/roseus/ros/rm_msgs/msg/ChassisCmd.l
Symlinking /home/youngmoney/rm/hero/devel/share/roseus/ros/rm_msgs/msg/GameRobotHp.l
Symlinking /home/youngmoney/rm/hero/devel/share/roseus/ros/rm_msgs/msg/ActuatorState.l
Symlinking /home/youngmoney/rm/hero/devel/share/roseus/ros/rm_msgs/srv/CameraStatus.l
Symlinking /home/youngmoney/rm/hero/devel/share/roseus/ros/rm_msgs/srv/EnableImuTrigger.l
Symlinking /home/youngmoney/rm/hero/devel/share/roseus/ros/rm_msgs/srv/StatusChange.l
Symlinking /home/youngmoney/rm/hero/devel/share/roseus/ros/rm_msgs/srv/ContinousDetectorSwitch.l
Symlinking /home/youngmoney/rm/hero/devel/share/common-lisp/ros/rm_msgs/msg/GameRobotHp.lisp
Symlinking /home/youngmoney/rm/hero/devel/share/common-lisp/ros/rm_msgs/msg/_package_LpData.lisp
Symlinking /home/youngmoney/rm/hero/devel/share/common-lisp/ros/rm_msgs/msg/_package_EngineerCmd.lisp
Symlinking /home/youngmoney/rm/hero/devel/share/common-lisp/ros/rm_msgs/msg/TargetDetectionArray.lisp
Symlinking /home/youngmoney/rm/hero/devel/share/common-lisp/ros/rm_msgs/msg/_package_PowerHeatData.lisp
Symlinking /home/youngmoney/rm/hero/devel/share/common-lisp/ros/rm_msgs/msg/MovingAverageData.lisp
Symlinking /home/youngmoney/rm/hero/devel/share/common-lisp/ros/rm_msgs/msg/IcraBuffDebuffZoneStatus.lisp
Symlinking /home/youngmoney/rm/hero/devel/share/common-lisp/ros/rm_msgs/msg/RobotHurt.lisp
Symlinking /home/youngmoney/rm/hero/devel/share/common-lisp/ros/rm_msgs/msg/_package_EngineerActionFeedback.lisp
Symlinking /home/youngmoney/rm/hero/devel/share/common-lisp/ros/rm_msgs/msg/_package_KalmanData.lisp
Symlinking /home/youngmoney/rm/hero/devel/share/common-lisp/ros/rm_msgs/msg/_package_GpioData.lisp
Symlinking /home/youngmoney/rm/hero/devel/share/common-lisp/ros/rm_msgs/msg/SuperCapacitor.lisp
Symlinking /home/youngmoney/rm/hero/devel/share/common-lisp/ros/rm_msgs/msg/PowerHeatData.lisp
Symlinking /home/youngmoney/rm/hero/devel/share/common-lisp/ros/rm_msgs/msg/DartRemainingTime.lisp
Symlinking /home/youngmoney/rm/hero/devel/share/common-lisp/ros/rm_msgs/msg/EventData.lisp
Symlinking /home/youngmoney/rm/hero/devel/share/common-lisp/ros/rm_msgs/msg/_package_SupplyProjectileAction.lisp
Symlinking /home/youngmoney/rm/hero/devel/share/common-lisp/ros/rm_msgs/msg/CapacityData.lisp
Symlinking /home/youngmoney/rm/hero/devel/share/common-lisp/ros/rm_msgs/msg/RfidStatus.lisp
Symlinking /home/youngmoney/rm/hero/devel/share/common-lisp/ros/rm_msgs/msg/ManualToReferee.lisp
Symlinking /home/youngmoney/rm/hero/devel/share/common-lisp/ros/rm_msgs/msg/ShootData.lisp
Symlinking /home/youngmoney/rm/hero/devel/share/common-lisp/ros/rm_msgs/msg/_package_IcraBuffDebuffZoneStatus.lisp
Symlinking /home/youngmoney/rm/hero/devel/share/common-lisp/ros/rm_msgs/msg/_package_DartStatus.lisp
Symlinking /home/youngmoney/rm/hero/devel/share/common-lisp/ros/rm_msgs/msg/TofRadarData.lisp
Symlinking /home/youngmoney/rm/hero/devel/share/common-lisp/ros/rm_msgs/msg/_package_TargetDetectionArray.lisp
Symlinking /home/youngmoney/rm/hero/devel/share/common-lisp/ros/rm_msgs/msg/_package_GimbalDesError.lisp
Symlinking /home/youngmoney/rm/hero/devel/share/common-lisp/ros/rm_msgs/msg/TargetDetection.lisp
Symlinking /home/youngmoney/rm/hero/devel/share/common-lisp/ros/rm_msgs/msg/_package_ChassisCmd.lisp
Symlinking /home/youngmoney/rm/hero/devel/share/common-lisp/ros/rm_msgs/msg/_package_EventData.lisp
Symlinking /home/youngmoney/rm/hero/devel/share/common-lisp/ros/rm_msgs/msg/GpioData.lisp
Symlinking /home/youngmoney/rm/hero/devel/share/common-lisp/ros/rm_msgs/msg/TrackData.lisp
Symlinking /home/youngmoney/rm/hero/devel/share/common-lisp/ros/rm_msgs/msg/ActuatorState.lisp
Symlinking /home/youngmoney/rm/hero/devel/share/common-lisp/ros/rm_msgs/msg/_package_RfidStatus.lisp
Symlinking /home/youngmoney/rm/hero/devel/share/common-lisp/ros/rm_msgs/msg/_package_TargetDetection.lisp
Symlinking /home/youngmoney/rm/hero/devel/share/common-lisp/ros/rm_msgs/msg/EngineerActionGoal.lisp
Symlinking /home/youngmoney/rm/hero/devel/share/common-lisp/ros/rm_msgs/msg/GameRobotStatus.lisp
Symlinking /home/youngmoney/rm/hero/devel/share/common-lisp/ros/rm_msgs/msg/SupplyProjectileAction.lisp
Symlinking /home/youngmoney/rm/hero/devel/share/common-lisp/ros/rm_msgs/msg/DbusData.lisp
Symlinking /home/youngmoney/rm/hero/devel/share/common-lisp/ros/rm_msgs/msg/StateCmd.lisp
Symlinking /home/youngmoney/rm/hero/devel/share/common-lisp/ros/rm_msgs/msg/EngineerActionResult.lisp
Symlinking /home/youngmoney/rm/hero/devel/share/common-lisp/ros/rm_msgs/msg/_package_DartClientCmd.lisp
Symlinking /home/youngmoney/rm/hero/devel/share/common-lisp/ros/rm_msgs/msg/EngineerAction.lisp
Symlinking /home/youngmoney/rm/hero/devel/share/common-lisp/ros/rm_msgs/msg/EngineerGoal.lisp
Symlinking /home/youngmoney/rm/hero/devel/share/common-lisp/ros/rm_msgs/msg/_package_ShootCmd.lisp
Symlinking /home/youngmoney/rm/hero/devel/share/common-lisp/ros/rm_msgs/msg/_package_ManualToReferee.lisp
Symlinking /home/youngmoney/rm/hero/devel/share/common-lisp/ros/rm_msgs/msg/_package_GameStatus.lisp
Symlinking /home/youngmoney/rm/hero/devel/share/common-lisp/ros/rm_msgs/msg/_package_MovingAverageData.lisp
Symlinking /home/youngmoney/rm/hero/devel/share/common-lisp/ros/rm_msgs/msg/_package_EngineerResult.lisp
Symlinking /home/youngmoney/rm/hero/devel/share/common-lisp/ros/rm_msgs/msg/GimbalDesError.lisp
Symlinking /home/youngmoney/rm/hero/devel/share/common-lisp/ros/rm_msgs/msg/_package_ShootData.lisp
Symlinking /home/youngmoney/rm/hero/devel/share/common-lisp/ros/rm_msgs/msg/_package_GameRobotStatus.lisp
Symlinking /home/youngmoney/rm/hero/devel/share/common-lisp/ros/rm_msgs/msg/ShootCmd.lisp
Symlinking /home/youngmoney/rm/hero/devel/share/common-lisp/ros/rm_msgs/msg/_package_TofRadarData.lisp
Symlinking /home/youngmoney/rm/hero/devel/share/common-lisp/ros/rm_msgs/msg/KalmanData.lisp
Symlinking /home/youngmoney/rm/hero/devel/share/common-lisp/ros/rm_msgs/msg/GimbalCmd.lisp
Symlinking /home/youngmoney/rm/hero/devel/share/common-lisp/ros/rm_msgs/msg/_package_EngineerGoal.lisp
Symlinking /home/youngmoney/rm/hero/devel/share/common-lisp/ros/rm_msgs/msg/_package_CapacityData.lisp
Symlinking /home/youngmoney/rm/hero/devel/share/common-lisp/ros/rm_msgs/msg/RadarData.lisp
Symlinking /home/youngmoney/rm/hero/devel/share/common-lisp/ros/rm_msgs/msg/_package_EngineerActionResult.lisp
Symlinking /home/youngmoney/rm/hero/devel/share/common-lisp/ros/rm_msgs/msg/LpData.lisp
Symlinking /home/youngmoney/rm/hero/devel/share/common-lisp/ros/rm_msgs/msg/ChassisCmd.lisp
Symlinking /home/youngmoney/rm/hero/devel/share/common-lisp/ros/rm_msgs/msg/_package_DbusData.lisp
Symlinking /home/youngmoney/rm/hero/devel/share/common-lisp/ros/rm_msgs/msg/GameStatus.lisp
Symlinking /home/youngmoney/rm/hero/devel/share/common-lisp/ros/rm_msgs/msg/EngineerFeedback.lisp
Symlinking /home/youngmoney/rm/hero/devel/share/common-lisp/ros/rm_msgs/msg/_package_StateCmd.lisp
Symlinking /home/youngmoney/rm/hero/devel/share/common-lisp/ros/rm_msgs/msg/EngineerCmd.lisp
Symlinking /home/youngmoney/rm/hero/devel/share/common-lisp/ros/rm_msgs/msg/rm_msgs-msg.asd
Symlinking /home/youngmoney/rm/hero/devel/share/common-lisp/ros/rm_msgs/msg/_package_GimbalCmd.lisp
Symlinking /home/youngmoney/rm/hero/devel/share/common-lisp/ros/rm_msgs/msg/BulletRemaining.lisp
Symlinking /home/youngmoney/rm/hero/devel/share/common-lisp/ros/rm_msgs/msg/_package_SuperCapacitor.lisp
Symlinking /home/youngmoney/rm/hero/devel/share/common-lisp/ros/rm_msgs/msg/_package_BalanceState.lisp
Symlinking /home/youngmoney/rm/hero/devel/share/common-lisp/ros/rm_msgs/msg/_package_TrackData.lisp
Symlinking /home/youngmoney/rm/hero/devel/share/common-lisp/ros/rm_msgs/msg/_package_DartRemainingTime.lisp
Symlinking /home/youngmoney/rm/hero/devel/share/common-lisp/ros/rm_msgs/msg/_package_GameRobotHp.lisp
Symlinking /home/youngmoney/rm/hero/devel/share/common-lisp/ros/rm_msgs/msg/_package_EngineerFeedback.lisp
Symlinking /home/youngmoney/rm/hero/devel/share/common-lisp/ros/rm_msgs/msg/_package.lisp
Symlinking /home/youngmoney/rm/hero/devel/share/common-lisp/ros/rm_msgs/msg/_package_RadarData.lisp
Symlinking /home/youngmoney/rm/hero/devel/share/common-lisp/ros/rm_msgs/msg/_package_EngineerAction.lisp
Symlinking /home/youngmoney/rm/hero/devel/share/common-lisp/ros/rm_msgs/msg/DartClientCmd.lisp
Symlinking /home/youngmoney/rm/hero/devel/share/common-lisp/ros/rm_msgs/msg/EngineerResult.lisp
Symlinking /home/youngmoney/rm/hero/devel/share/common-lisp/ros/rm_msgs/msg/BalanceState.lisp
Symlinking /home/youngmoney/rm/hero/devel/share/common-lisp/ros/rm_msgs/msg/_package_EngineerActionGoal.lisp
Symlinking /home/youngmoney/rm/hero/devel/share/common-lisp/ros/rm_msgs/msg/_package_BulletRemaining.lisp
Symlinking /home/youngmoney/rm/hero/devel/share/common-lisp/ros/rm_msgs/msg/EngineerActionFeedback.lisp
Symlinking /home/youngmoney/rm/hero/devel/share/common-lisp/ros/rm_msgs/msg/DartStatus.lisp
Symlinking /home/youngmoney/rm/hero/devel/share/common-lisp/ros/rm_msgs/msg/_package_ActuatorState.lisp
Symlinking /home/youngmoney/rm/hero/devel/share/common-lisp/ros/rm_msgs/msg/_package_RobotHurt.lisp
Symlinking /home/youngmoney/rm/hero/devel/share/common-lisp/ros/rm_msgs/srv/StatusChange.lisp
Symlinking /home/youngmoney/rm/hero/devel/share/common-lisp/ros/rm_msgs/srv/rm_msgs-srv.asd
Symlinking /home/youngmoney/rm/hero/devel/share/common-lisp/ros/rm_msgs/srv/CameraStatus.lisp
Symlinking /home/youngmoney/rm/hero/devel/share/common-lisp/ros/rm_msgs/srv/ContinousDetectorSwitch.lisp
Symlinking /home/youngmoney/rm/hero/devel/share/common-lisp/ros/rm_msgs/srv/_package_CameraStatus.lisp
Symlinking /home/youngmoney/rm/hero/devel/share/common-lisp/ros/rm_msgs/srv/_package_ContinousDetectorSwitch.lisp
Symlinking /home/youngmoney/rm/hero/devel/share/common-lisp/ros/rm_msgs/srv/EnableImuTrigger.lisp
Symlinking /home/youngmoney/rm/hero/devel/share/common-lisp/ros/rm_msgs/srv/_package_EnableImuTrigger.lisp
Symlinking /home/youngmoney/rm/hero/devel/share/common-lisp/ros/rm_msgs/srv/_package.lisp
Symlinking /home/youngmoney/rm/hero/devel/share/common-lisp/ros/rm_msgs/srv/_package_StatusChange.lisp
