[35m[1mScanning dependencies of target _rm_msgs_generate_messages_check_deps_EngineerGoal[0m
[35m[1mScanning dependencies of target _rm_msgs_generate_messages_check_deps_ContinousDetectorSwitch[0m
[35m[1mScanning dependencies of target _rm_msgs_generate_messages_check_deps_EnableImuTrigger[0m
[35m[1mScanning dependencies of target _rm_msgs_generate_messages_check_deps_EngineerActionFeedback[0m
[35m[1mScanning dependencies of target _rm_msgs_generate_messages_check_deps_StateCmd[0m
[35m[1mScanning dependencies of target _rm_msgs_generate_messages_check_deps_RfidStatus[0m
[35m[1mScanning dependencies of target _rm_msgs_generate_messages_check_deps_BulletRemaining[0m
[35m[1mScanning dependencies of target _rm_msgs_generate_messages_check_deps_RadarData[0m
[35m[1mScanning dependencies of target _rm_msgs_generate_messages_check_deps_CameraStatus[0m
[35m[1mScanning dependencies of target _rm_msgs_generate_messages_check_deps_DartClientCmd[0m
[35m[1mScanning dependencies of target _rm_msgs_generate_messages_check_deps_EngineerAction[0m
[35m[1mScanning dependencies of target _rm_msgs_generate_messages_check_deps_ShootData[0m
[35m[1mScanning dependencies of target _rm_msgs_generate_messages_check_deps_RobotHurt[0m
[35m[1mScanning dependencies of target _rm_msgs_generate_messages_check_deps_IcraBuffDebuffZoneStatus[0m
[35m[1mScanning dependencies of target _rm_msgs_generate_messages_check_deps_ManualToReferee[0m
[35m[1mScanning dependencies of target _rm_msgs_generate_messages_check_deps_StatusChange[0m
[  0%] Built target _rm_msgs_generate_messages_check_deps_ContinousDetectorSwitch
[  0%] Built target _rm_msgs_generate_messages_check_deps_EngineerGoal
[  0%] Built target _rm_msgs_generate_messages_check_deps_RadarData
[  0%] Built target _rm_msgs_generate_messages_check_deps_StateCmd
[  0%] Built target _rm_msgs_generate_messages_check_deps_EngineerActionFeedback
[  0%] Built target _rm_msgs_generate_messages_check_deps_BulletRemaining
[  0%] Built target _rm_msgs_generate_messages_check_deps_DartClientCmd
[  0%] Built target _rm_msgs_generate_messages_check_deps_RfidStatus
[  0%] Built target _rm_msgs_generate_messages_check_deps_EngineerAction
[  0%] Built target _rm_msgs_generate_messages_check_deps_IcraBuffDebuffZoneStatus
[  0%] Built target _rm_msgs_generate_messages_check_deps_EnableImuTrigger
[  0%] Built target _rm_msgs_generate_messages_check_deps_CameraStatus
[  0%] Built target _rm_msgs_generate_messages_check_deps_RobotHurt
[35m[1mScanning dependencies of target _rm_msgs_generate_messages_check_deps_DartStatus[0m
[  0%] Built target _rm_msgs_generate_messages_check_deps_ManualToReferee
[  0%] Built target _rm_msgs_generate_messages_check_deps_StatusChange
[35m[1mScanning dependencies of target _rm_msgs_generate_messages_check_deps_EventData[0m
[35m[1mScanning dependencies of target _rm_msgs_generate_messages_check_deps_PowerHeatData[0m
[35m[1mScanning dependencies of target _rm_msgs_generate_messages_check_deps_GimbalCmd[0m
[35m[1mScanning dependencies of target geometry_msgs_generate_messages_cpp[0m
[35m[1mScanning dependencies of target _rm_msgs_generate_messages_check_deps_KalmanData[0m
[35m[1mScanning dependencies of target _rm_msgs_generate_messages_check_deps_EngineerResult[0m
[35m[1mScanning dependencies of target _rm_msgs_generate_messages_check_deps_TargetDetection[0m
[35m[1mScanning dependencies of target _rm_msgs_generate_messages_check_deps_GameStatus[0m
[35m[1mScanning dependencies of target _rm_msgs_generate_messages_check_deps_EngineerActionGoal[0m
[35m[1mScanning dependencies of target actionlib_msgs_generate_messages_cpp[0m
[35m[1mScanning dependencies of target _rm_msgs_generate_messages_check_deps_GameRobotStatus[0m
[35m[1mScanning dependencies of target _rm_msgs_generate_messages_check_deps_MovingAverageData[0m
[35m[1mScanning dependencies of target _rm_msgs_generate_messages_check_deps_DartRemainingTime[0m
[  0%] Built target _rm_msgs_generate_messages_check_deps_ShootData
[35m[1mScanning dependencies of target _rm_msgs_generate_messages_check_deps_SupplyProjectileAction[0m
[  0%] Built target geometry_msgs_generate_messages_cpp
[  0%] Built target actionlib_msgs_generate_messages_cpp
[35m[1mScanning dependencies of target _rm_msgs_generate_messages_check_deps_CapacityData[0m
[35m[1mScanning dependencies of target _rm_msgs_generate_messages_check_deps_GpioData[0m
[35m[1mScanning dependencies of target std_msgs_generate_messages_cpp[0m
[  0%] Built target std_msgs_generate_messages_cpp
[  0%] Built target _rm_msgs_generate_messages_check_deps_DartStatus
[  0%] Built target _rm_msgs_generate_messages_check_deps_KalmanData
[35m[1mScanning dependencies of target _rm_msgs_generate_messages_check_deps_ActuatorState[0m
[  0%] Built target _rm_msgs_generate_messages_check_deps_EventData
[  0%] Built target _rm_msgs_generate_messages_check_deps_TargetDetection
[  0%] Built target _rm_msgs_generate_messages_check_deps_GameRobotStatus
[  0%] Built target _rm_msgs_generate_messages_check_deps_GimbalCmd
[  0%] Built target _rm_msgs_generate_messages_check_deps_DartRemainingTime
[  0%] Built target _rm_msgs_generate_messages_check_deps_GameStatus
[  0%] Built target _rm_msgs_generate_messages_check_deps_PowerHeatData
[  0%] Built target _rm_msgs_generate_messages_check_deps_EngineerActionGoal
[  0%] Built target _rm_msgs_generate_messages_check_deps_EngineerResult
[35m[1mScanning dependencies of target _rm_msgs_generate_messages_check_deps_GameRobotHp[0m
[35m[1mScanning dependencies of target _rm_msgs_generate_messages_check_deps_ChassisCmd[0m
[35m[1mScanning dependencies of target _rm_msgs_generate_messages_check_deps_DbusData[0m
[35m[1mScanning dependencies of target _rm_msgs_generate_messages_check_deps_BalanceState[0m
[  0%] Built target _rm_msgs_generate_messages_check_deps_SupplyProjectileAction
[35m[1mScanning dependencies of target _rm_msgs_generate_messages_check_deps_GimbalDesError[0m
[35m[1mScanning dependencies of target _rm_msgs_generate_messages_check_deps_EngineerCmd[0m
[35m[1mScanning dependencies of target _rm_msgs_generate_messages_check_deps_ShootCmd[0m
[35m[1mScanning dependencies of target _rm_msgs_generate_messages_check_deps_LpData[0m
[35m[1mScanning dependencies of target _rm_msgs_generate_messages_check_deps_EngineerActionResult[0m
[35m[1mScanning dependencies of target _rm_msgs_generate_messages_check_deps_SuperCapacitor[0m
[  0%] Built target _rm_msgs_generate_messages_check_deps_CapacityData
[35m[1mScanning dependencies of target _rm_msgs_generate_messages_check_deps_TofRadarData[0m
[35m[1mScanning dependencies of target _rm_msgs_generate_messages_check_deps_TargetDetectionArray[0m
[  0%] Built target _rm_msgs_generate_messages_check_deps_GpioData
[  0%] Built target _rm_msgs_generate_messages_check_deps_MovingAverageData
[35m[1mScanning dependencies of target _rm_msgs_generate_messages_check_deps_TrackData[0m
[35m[1mScanning dependencies of target std_msgs_generate_messages_nodejs[0m
[35m[1mScanning dependencies of target _rm_msgs_generate_messages_check_deps_EngineerFeedback[0m
[  0%] Built target _rm_msgs_generate_messages_check_deps_ActuatorState
[  0%] Built target _rm_msgs_generate_messages_check_deps_GameRobotHp
[  0%] Built target _rm_msgs_generate_messages_check_deps_ChassisCmd
[  0%] Built target std_msgs_generate_messages_nodejs
[  0%] Built target _rm_msgs_generate_messages_check_deps_BalanceState
[  0%] Built target _rm_msgs_generate_messages_check_deps_DbusData
[35m[1mScanning dependencies of target actionlib_msgs_generate_messages_nodejs[0m
[  0%] Built target _rm_msgs_generate_messages_check_deps_EngineerCmd
[  0%] Built target _rm_msgs_generate_messages_check_deps_GimbalDesError
[  0%] Built target _rm_msgs_generate_messages_check_deps_LpData
[  0%] Built target _rm_msgs_generate_messages_check_deps_ShootCmd
[35m[1mScanning dependencies of target actionlib_msgs_generate_messages_lisp[0m
[  0%] Built target _rm_msgs_generate_messages_check_deps_EngineerActionResult
[35m[1mScanning dependencies of target actionlib_msgs_generate_messages_py[0m
[35m[1mScanning dependencies of target geometry_msgs_generate_messages_nodejs[0m
[35m[1mScanning dependencies of target geometry_msgs_generate_messages_lisp[0m
[  0%] Built target _rm_msgs_generate_messages_check_deps_SuperCapacitor
[35m[1mScanning dependencies of target std_msgs_generate_messages_lisp[0m
[  0%] Built target actionlib_msgs_generate_messages_nodejs
[  0%] Built target _rm_msgs_generate_messages_check_deps_TargetDetectionArray
[35m[1mScanning dependencies of target geometry_msgs_generate_messages_py[0m
[  0%] Built target _rm_msgs_generate_messages_check_deps_TofRadarData
[35m[1mScanning dependencies of target std_msgs_generate_messages_py[0m
[35m[1mScanning dependencies of target geometry_msgs_generate_messages_eus[0m
[35m[1mScanning dependencies of target std_msgs_generate_messages_eus[0m
[35m[1mScanning dependencies of target actionlib_msgs_generate_messages_eus[0m
[  0%] Built target geometry_msgs_generate_messages_lisp
[  0%] Built target geometry_msgs_generate_messages_nodejs
[  0%] Built target actionlib_msgs_generate_messages_py
[  0%] Built target actionlib_msgs_generate_messages_lisp
[  0%] Built target std_msgs_generate_messages_lisp
[  0%] Built target geometry_msgs_generate_messages_py
[  0%] Built target geometry_msgs_generate_messages_eus
[  0%] Built target std_msgs_generate_messages_py
[  0%] Built target std_msgs_generate_messages_eus
[  0%] Built target actionlib_msgs_generate_messages_eus
[  0%] Built target _rm_msgs_generate_messages_check_deps_TrackData
[  0%] Built target _rm_msgs_generate_messages_check_deps_EngineerFeedback
[35m[1mScanning dependencies of target rm_msgs_generate_messages_lisp[0m
[35m[1mScanning dependencies of target rm_msgs_generate_messages_py[0m
[35m[1mScanning dependencies of target rm_msgs_generate_messages_cpp[0m
[35m[1mScanning dependencies of target rm_msgs_generate_messages_nodejs[0m
[35m[1mScanning dependencies of target rm_msgs_generate_messages_eus[0m
[  0%] [34m[1mGenerating Python from MSG rm_msgs/ActuatorState[0m
[  0%] [34m[1mGenerating Lisp code from rm_msgs/BalanceState.msg[0m
[  0%] [34m[1mGenerating Lisp code from rm_msgs/ChassisCmd.msg[0m
[  0%] [34m[1mGenerating Python from MSG rm_msgs/BalanceState[0m
[  1%] [34m[1mGenerating Lisp code from rm_msgs/GimbalCmd.msg[0m
[  3%] [34m[1mGenerating Lisp code from rm_msgs/DbusData.msg[0m
[  3%] [34m[1mGenerating Lisp code from rm_msgs/ActuatorState.msg[0m
[  4%] [34m[1mGenerating Javascript code from rm_msgs/ActuatorState.msg[0m
[  5%] [34m[1mGenerating Lisp code from rm_msgs/GimbalDesError.msg[0m
[  5%] [34m[1mGenerating Python from MSG rm_msgs/DbusData[0m
[  5%] [34m[1mGenerating C++ code from rm_msgs/ActuatorState.msg[0m
[  5%] [34m[1mGenerating Javascript code from rm_msgs/BalanceState.msg[0m
[  5%] [34m[1mGenerating Python from MSG rm_msgs/ChassisCmd[0m
[  6%] [34m[1mGenerating C++ code from rm_msgs/BalanceState.msg[0m
[  6%] [34m[1mGenerating Lisp code from rm_msgs/ShootCmd.msg[0m
[  6%] [34m[1mGenerating EusLisp code from rm_msgs/ActuatorState.msg[0m
[  7%] [34m[1mGenerating EusLisp code from rm_msgs/BalanceState.msg[0m
[  9%] [34m[1mGenerating Javascript code from rm_msgs/DbusData.msg[0m
[  9%] [34m[1mGenerating Python from MSG rm_msgs/ShootCmd[0m
[ 10%] [34m[1mGenerating EusLisp code from rm_msgs/DbusData.msg[0m
[ 10%] [34m[1mGenerating Lisp code from rm_msgs/KalmanData.msg[0m
[ 11%] [34m[1mGenerating Lisp code from rm_msgs/LpData.msg[0m
[ 10%] [34m[1mGenerating EusLisp code from rm_msgs/ChassisCmd.msg[0m
[ 11%] [34m[1mGenerating Javascript code from rm_msgs/ChassisCmd.msg[0m
[ 11%] [34m[1mGenerating Python from MSG rm_msgs/GimbalCmd[0m
[ 11%] [34m[1mGenerating Python from MSG rm_msgs/GimbalDesError[0m
[ 12%] [34m[1mGenerating Python from MSG rm_msgs/LpData[0m
[ 13%] [34m[1mGenerating Python from MSG rm_msgs/KalmanData[0m
[ 13%] [34m[1mGenerating Javascript code from rm_msgs/ShootCmd.msg[0m
[ 14%] [34m[1mGenerating Python from MSG rm_msgs/MovingAverageData[0m
[ 15%] [34m[1mGenerating Lisp code from rm_msgs/MovingAverageData.msg[0m
[ 15%] [34m[1mGenerating Lisp code from rm_msgs/SuperCapacitor.msg[0m
[ 15%] [34m[1mGenerating C++ code from rm_msgs/DbusData.msg[0m
[ 15%] [34m[1mGenerating EusLisp code from rm_msgs/ShootCmd.msg[0m
[ 15%] [34m[1mGenerating Javascript code from rm_msgs/GimbalCmd.msg[0m
[ 15%] [34m[1mGenerating Javascript code from rm_msgs/GimbalDesError.msg[0m
[ 16%] [34m[1mGenerating Javascript code from rm_msgs/LpData.msg[0m
[ 16%] [34m[1mGenerating Lisp code from rm_msgs/GpioData.msg[0m
[ 16%] [34m[1mGenerating EusLisp code from rm_msgs/GimbalCmd.msg[0m
[ 16%] [34m[1mGenerating Python from MSG rm_msgs/SuperCapacitor[0m
[ 17%] [34m[1mGenerating Lisp code from rm_msgs/TofRadarData.msg[0m
[ 18%] [34m[1mGenerating Python from MSG rm_msgs/GpioData[0m
[ 18%] [34m[1mGenerating Python from MSG rm_msgs/TargetDetection[0m
[ 18%] [34m[1mGenerating Python from MSG rm_msgs/TofRadarData[0m
[ 18%] [34m[1mGenerating Javascript code from rm_msgs/KalmanData.msg[0m
[ 19%] [34m[1mGenerating Javascript code from rm_msgs/MovingAverageData.msg[0m
[ 20%] [34m[1mGenerating Python from MSG rm_msgs/TargetDetectionArray[0m
[ 21%] [34m[1mGenerating EusLisp code from rm_msgs/GimbalDesError.msg[0m
[ 21%] [34m[1mGenerating C++ code from rm_msgs/ChassisCmd.msg[0m
[ 21%] [34m[1mGenerating Python from MSG rm_msgs/TrackData[0m
[ 21%] [34m[1mGenerating Lisp code from rm_msgs/TargetDetection.msg[0m
[ 22%] [34m[1mGenerating Lisp code from rm_msgs/TargetDetectionArray.msg[0m
[ 22%] [34m[1mGenerating Javascript code from rm_msgs/SuperCapacitor.msg[0m
[ 23%] [34m[1mGenerating Python from MSG rm_msgs/CapacityData[0m
[ 23%] [34m[1mGenerating Javascript code from rm_msgs/GpioData.msg[0m
[ 24%] [34m[1mGenerating Javascript code from rm_msgs/TofRadarData.msg[0m
[ 24%] [34m[1mGenerating Javascript code from rm_msgs/TargetDetection.msg[0m
[ 25%] [34m[1mGenerating Javascript code from rm_msgs/TargetDetectionArray.msg[0m
[ 25%] [34m[1mGenerating Python from MSG rm_msgs/GameRobotStatus[0m
[ 25%] [34m[1mGenerating Lisp code from rm_msgs/TrackData.msg[0m
[ 25%] [34m[1mGenerating Python from MSG rm_msgs/GameStatus[0m
[ 26%] [34m[1mGenerating Python from MSG rm_msgs/StateCmd[0m
[ 26%] [34m[1mGenerating EusLisp code from rm_msgs/LpData.msg[0m
[ 26%] [34m[1mGenerating Python from MSG rm_msgs/EngineerCmd[0m
[ 26%] [34m[1mGenerating Javascript code from rm_msgs/TrackData.msg[0m
[ 27%] [34m[1mGenerating EusLisp code from rm_msgs/KalmanData.msg[0m
[ 27%] [34m[1mGenerating EusLisp code from rm_msgs/MovingAverageData.msg[0m
[ 28%] [34m[1mGenerating C++ code from rm_msgs/ShootCmd.msg[0m
[ 28%] [34m[1mGenerating Lisp code from rm_msgs/CapacityData.msg[0m
[ 29%] [34m[1mGenerating Python from MSG rm_msgs/GameRobotHp[0m
[ 30%] [34m[1mGenerating Javascript code from rm_msgs/CapacityData.msg[0m
[ 30%] [34m[1mGenerating Python from MSG rm_msgs/PowerHeatData[0m
[ 30%] [34m[1mGenerating EusLisp code from rm_msgs/SuperCapacitor.msg[0m
[ 32%] [34m[1mGenerating Python from MSG rm_msgs/EventData[0m
[ 32%] [34m[1mGenerating Lisp code from rm_msgs/GameRobotStatus.msg[0m
[ 34%] [34m[1mGenerating EusLisp code from rm_msgs/GpioData.msg[0m
[ 34%] [34m[1mGenerating EusLisp code from rm_msgs/TofRadarData.msg[0m
[ 35%] [34m[1mGenerating Python from MSG rm_msgs/DartStatus[0m
[ 35%] [34m[1mGenerating EusLisp code from rm_msgs/TargetDetection.msg[0m
[ 35%] [34m[1mGenerating Javascript code from rm_msgs/GameRobotStatus.msg[0m
[ 35%] [34m[1mGenerating Python from MSG rm_msgs/IcraBuffDebuffZoneStatus[0m
[ 35%] [34m[1mGenerating C++ code from rm_msgs/GimbalCmd.msg[0m
[ 36%] [34m[1mGenerating Python from MSG rm_msgs/SupplyProjectileAction[0m
[ 36%] [34m[1mGenerating Lisp code from rm_msgs/GameStatus.msg[0m
[ 37%] [34m[1mGenerating Lisp code from rm_msgs/StateCmd.msg[0m
[ 37%] [34m[1mGenerating Javascript code from rm_msgs/GameStatus.msg[0m
[ 37%] [34m[1mGenerating EusLisp code from rm_msgs/TargetDetectionArray.msg[0m
[ 37%] [34m[1mGenerating Python from MSG rm_msgs/DartRemainingTime[0m
[ 38%] [34m[1mGenerating Python from MSG rm_msgs/RobotHurt[0m
[ 39%] [34m[1mGenerating Python from MSG rm_msgs/ShootData[0m
[ 39%] [34m[1mGenerating EusLisp code from rm_msgs/TrackData.msg[0m
[ 39%] [34m[1mGenerating Python from MSG rm_msgs/BulletRemaining[0m
[ 39%] [34m[1mGenerating Lisp code from rm_msgs/EngineerCmd.msg[0m
[ 39%] [34m[1mGenerating EusLisp code from rm_msgs/CapacityData.msg[0m
[ 40%] [34m[1mGenerating Lisp code from rm_msgs/GameRobotHp.msg[0m
[ 41%] [34m[1mGenerating Javascript code from rm_msgs/StateCmd.msg[0m
[ 42%] [34m[1mGenerating Python from MSG rm_msgs/RfidStatus[0m
[ 43%] [34m[1mGenerating C++ code from rm_msgs/GimbalDesError.msg[0m
[ 43%] [34m[1mGenerating Javascript code from rm_msgs/EngineerCmd.msg[0m
[ 43%] [34m[1mGenerating Lisp code from rm_msgs/PowerHeatData.msg[0m
[ 44%] [34m[1mGenerating Javascript code from rm_msgs/GameRobotHp.msg[0m
[ 44%] [34m[1mGenerating Javascript code from rm_msgs/PowerHeatData.msg[0m
[ 44%] [34m[1mGenerating EusLisp code from rm_msgs/GameRobotStatus.msg[0m
[ 44%] [34m[1mGenerating Javascript code from rm_msgs/EventData.msg[0m
[ 44%] [34m[1mGenerating Python from MSG rm_msgs/DartClientCmd[0m
[ 45%] [34m[1mGenerating EusLisp code from rm_msgs/GameStatus.msg[0m
[ 45%] [34m[1mGenerating Lisp code from rm_msgs/EventData.msg[0m
[ 46%] [34m[1mGenerating Javascript code from rm_msgs/DartStatus.msg[0m
[ 47%] [34m[1mGenerating Python from MSG rm_msgs/ManualToReferee[0m
[ 47%] [34m[1mGenerating Javascript code from rm_msgs/IcraBuffDebuffZoneStatus.msg[0m
[ 48%] [34m[1mGenerating Javascript code from rm_msgs/SupplyProjectileAction.msg[0m
[ 49%] [34m[1mGenerating Lisp code from rm_msgs/DartStatus.msg[0m
[ 49%] [34m[1mGenerating Javascript code from rm_msgs/DartRemainingTime.msg[0m
[ 49%] [34m[1mGenerating Python from MSG rm_msgs/RadarData[0m
[ 49%] [34m[1mGenerating C++ code from rm_msgs/LpData.msg[0m
[ 49%] [34m[1mGenerating Lisp code from rm_msgs/IcraBuffDebuffZoneStatus.msg[0m
[ 49%] [34m[1mGenerating EusLisp code from rm_msgs/StateCmd.msg[0m
[ 50%] [34m[1mGenerating Javascript code from rm_msgs/RobotHurt.msg[0m
[ 51%] [34m[1mGenerating EusLisp code from rm_msgs/EngineerCmd.msg[0m
[ 52%] [34m[1mGenerating Lisp code from rm_msgs/SupplyProjectileAction.msg[0m
[ 53%] [34m[1mGenerating Python from MSG rm_msgs/EngineerAction[0m
[ 53%] [34m[1mGenerating Javascript code from rm_msgs/ShootData.msg[0m
[ 53%] [34m[1mGenerating Python from MSG rm_msgs/EngineerActionGoal[0m
[ 53%] [34m[1mGenerating Lisp code from rm_msgs/DartRemainingTime.msg[0m
[ 53%] [34m[1mGenerating Javascript code from rm_msgs/BulletRemaining.msg[0m
[ 53%] [34m[1mGenerating Python from MSG rm_msgs/EngineerActionResult[0m
[ 54%] [34m[1mGenerating Javascript code from rm_msgs/RfidStatus.msg[0m
[ 55%] [34m[1mGenerating Python from MSG rm_msgs/EngineerActionFeedback[0m
[ 55%] [34m[1mGenerating Lisp code from rm_msgs/RobotHurt.msg[0m
[ 55%] [34m[1mGenerating Javascript code from rm_msgs/DartClientCmd.msg[0m
[ 56%] [34m[1mGenerating Lisp code from rm_msgs/ShootData.msg[0m
[ 57%] [34m[1mGenerating Lisp code from rm_msgs/BulletRemaining.msg[0m
[ 57%] [34m[1mGenerating Javascript code from rm_msgs/ManualToReferee.msg[0m
[ 57%] [34m[1mGenerating Javascript code from rm_msgs/RadarData.msg[0m
[ 57%] [34m[1mGenerating Javascript code from rm_msgs/EngineerAction.msg[0m
[ 57%] [34m[1mGenerating EusLisp code from rm_msgs/GameRobotHp.msg[0m
[ 59%] [34m[1mGenerating Lisp code from rm_msgs/RfidStatus.msg[0m
[ 59%] [34m[1mGenerating C++ code from rm_msgs/KalmanData.msg[0m
[ 60%] [34m[1mGenerating Javascript code from rm_msgs/EngineerActionGoal.msg[0m
[ 60%] [34m[1mGenerating Python from MSG rm_msgs/EngineerGoal[0m
[ 60%] [34m[1mGenerating Lisp code from rm_msgs/DartClientCmd.msg[0m
[ 61%] [34m[1mGenerating Javascript code from rm_msgs/EngineerActionResult.msg[0m
[ 61%] [34m[1mGenerating Lisp code from rm_msgs/ManualToReferee.msg[0m
[ 61%] [34m[1mGenerating Lisp code from rm_msgs/RadarData.msg[0m
[ 61%] [34m[1mGenerating EusLisp code from rm_msgs/PowerHeatData.msg[0m
[ 61%] [34m[1mGenerating Lisp code from rm_msgs/EngineerAction.msg[0m
[ 62%] [34m[1mGenerating Javascript code from rm_msgs/EngineerActionFeedback.msg[0m
[ 63%] [34m[1mGenerating Python from MSG rm_msgs/EngineerResult[0m
[ 63%] [34m[1mGenerating EusLisp code from rm_msgs/DartStatus.msg[0m
[ 64%] [34m[1mGenerating EusLisp code from rm_msgs/EventData.msg[0m
[ 65%] [34m[1mGenerating EusLisp code from rm_msgs/IcraBuffDebuffZoneStatus.msg[0m
[ 65%] [34m[1mGenerating EusLisp code from rm_msgs/SupplyProjectileAction.msg[0m
[ 65%] [34m[1mGenerating C++ code from rm_msgs/MovingAverageData.msg[0m
[ 67%] [34m[1mGenerating Lisp code from rm_msgs/EngineerActionGoal.msg[0m
[ 67%] [34m[1mGenerating Lisp code from rm_msgs/EngineerActionResult.msg[0m
[ 68%] [34m[1mGenerating Lisp code from rm_msgs/EngineerActionFeedback.msg[0m
[ 68%] [34m[1mGenerating Python from MSG rm_msgs/EngineerFeedback[0m
[ 68%] [34m[1mGenerating Javascript code from rm_msgs/EngineerGoal.msg[0m
[ 69%] [34m[1mGenerating Javascript code from rm_msgs/EngineerResult.msg[0m
[ 69%] [34m[1mGenerating Javascript code from rm_msgs/EngineerFeedback.msg[0m
[ 70%] [34m[1mGenerating Lisp code from rm_msgs/EngineerGoal.msg[0m
[ 70%] [34m[1mGenerating EusLisp code from rm_msgs/DartRemainingTime.msg[0m
[ 70%] [34m[1mGenerating Lisp code from rm_msgs/EngineerResult.msg[0m
[ 70%] [34m[1mGenerating Python code from SRV rm_msgs/ContinousDetectorSwitch[0m
[ 71%] [34m[1mGenerating Python code from SRV rm_msgs/StatusChange[0m
[ 71%] [34m[1mGenerating EusLisp code from rm_msgs/RobotHurt.msg[0m
[ 71%] [34m[1mGenerating Python code from SRV rm_msgs/CameraStatus[0m
[ 71%] [34m[1mGenerating EusLisp code from rm_msgs/ShootData.msg[0m
[ 72%] [34m[1mGenerating Python code from SRV rm_msgs/EnableImuTrigger[0m
[ 72%] [34m[1mGenerating C++ code from rm_msgs/SuperCapacitor.msg[0m
[ 72%] [34m[1mGenerating Javascript code from rm_msgs/ContinousDetectorSwitch.srv[0m
[ 73%] [34m[1mGenerating Lisp code from rm_msgs/EngineerFeedback.msg[0m
[ 74%] [34m[1mGenerating Javascript code from rm_msgs/StatusChange.srv[0m
[ 75%] [34m[1mGenerating EusLisp code from rm_msgs/BulletRemaining.msg[0m
[ 75%] [34m[1mGenerating EusLisp code from rm_msgs/RfidStatus.msg[0m
[ 75%] [34m[1mGenerating Lisp code from rm_msgs/ContinousDetectorSwitch.srv[0m
[ 76%] [34m[1mGenerating C++ code from rm_msgs/GpioData.msg[0m
[ 76%] [34m[1mGenerating Javascript code from rm_msgs/CameraStatus.srv[0m
[ 77%] [34m[1mGenerating EusLisp code from rm_msgs/DartClientCmd.msg[0m
[ 78%] [34m[1mGenerating Javascript code from rm_msgs/EnableImuTrigger.srv[0m
[ 79%] [34m[1mGenerating Lisp code from rm_msgs/StatusChange.srv[0m
[ 79%] [34m[1mGenerating Lisp code from rm_msgs/CameraStatus.srv[0m
[ 79%] [34m[1mGenerating Lisp code from rm_msgs/EnableImuTrigger.srv[0m
[ 79%] [34m[1mGenerating EusLisp code from rm_msgs/ManualToReferee.msg[0m
[ 79%] [34m[1mGenerating EusLisp code from rm_msgs/RadarData.msg[0m
[ 80%] [34m[1mGenerating EusLisp code from rm_msgs/EngineerAction.msg[0m
[ 81%] [34m[1mGenerating EusLisp code from rm_msgs/EngineerActionResult.msg[0m
[ 81%] [34m[1mGenerating EusLisp code from rm_msgs/EngineerActionGoal.msg[0m
[ 81%] Built target rm_msgs_generate_messages_nodejs
[ 81%] [34m[1mGenerating C++ code from rm_msgs/TofRadarData.msg[0m
[ 82%] [34m[1mGenerating C++ code from rm_msgs/TargetDetection.msg[0m
[ 83%] [34m[1mGenerating EusLisp code from rm_msgs/EngineerActionFeedback.msg[0m
[ 83%] [34m[1mGenerating EusLisp code from rm_msgs/EngineerGoal.msg[0m
[ 83%] [34m[1mGenerating C++ code from rm_msgs/TargetDetectionArray.msg[0m
[ 83%] [34m[1mGenerating C++ code from rm_msgs/TrackData.msg[0m
[ 83%] [34m[1mGenerating Python msg __init__.py for rm_msgs[0m
[ 83%] Built target rm_msgs_generate_messages_lisp
[ 84%] [34m[1mGenerating Python srv __init__.py for rm_msgs[0m
[ 85%] [34m[1mGenerating C++ code from rm_msgs/CapacityData.msg[0m
[ 85%] [34m[1mGenerating EusLisp code from rm_msgs/EngineerResult.msg[0m
[ 85%] [34m[1mGenerating EusLisp code from rm_msgs/EngineerFeedback.msg[0m
[ 86%] [34m[1mGenerating EusLisp code from rm_msgs/ContinousDetectorSwitch.srv[0m
[ 86%] [34m[1mGenerating EusLisp code from rm_msgs/StatusChange.srv[0m
[ 87%] [34m[1mGenerating EusLisp code from rm_msgs/EnableImuTrigger.srv[0m
[ 87%] [34m[1mGenerating EusLisp code from rm_msgs/CameraStatus.srv[0m
[ 87%] [34m[1mGenerating EusLisp manifest code for rm_msgs[0m
[ 87%] [34m[1mGenerating C++ code from rm_msgs/GameRobotStatus.msg[0m
[ 88%] [34m[1mGenerating C++ code from rm_msgs/GameStatus.msg[0m
[ 88%] [34m[1mGenerating C++ code from rm_msgs/StateCmd.msg[0m
[ 89%] [34m[1mGenerating C++ code from rm_msgs/GameRobotHp.msg[0m
[ 89%] [34m[1mGenerating C++ code from rm_msgs/EngineerCmd.msg[0m
[ 89%] [34m[1mGenerating C++ code from rm_msgs/PowerHeatData.msg[0m
[ 90%] [34m[1mGenerating C++ code from rm_msgs/EventData.msg[0m
[ 90%] [34m[1mGenerating C++ code from rm_msgs/DartStatus.msg[0m
[ 91%] [34m[1mGenerating C++ code from rm_msgs/IcraBuffDebuffZoneStatus.msg[0m
[ 91%] [34m[1mGenerating C++ code from rm_msgs/SupplyProjectileAction.msg[0m
[ 91%] [34m[1mGenerating C++ code from rm_msgs/DartRemainingTime.msg[0m
[ 92%] [34m[1mGenerating C++ code from rm_msgs/RobotHurt.msg[0m
[ 92%] Built target rm_msgs_generate_messages_py
[ 92%] [34m[1mGenerating C++ code from rm_msgs/ShootData.msg[0m
[ 93%] [34m[1mGenerating C++ code from rm_msgs/BulletRemaining.msg[0m
[ 93%] [34m[1mGenerating C++ code from rm_msgs/RfidStatus.msg[0m
[ 94%] [34m[1mGenerating C++ code from rm_msgs/DartClientCmd.msg[0m
[ 94%] [34m[1mGenerating C++ code from rm_msgs/ManualToReferee.msg[0m
[ 94%] [34m[1mGenerating C++ code from rm_msgs/RadarData.msg[0m
[ 95%] [34m[1mGenerating C++ code from rm_msgs/EngineerAction.msg[0m
[ 95%] [34m[1mGenerating C++ code from rm_msgs/EngineerActionGoal.msg[0m
[ 95%] [34m[1mGenerating C++ code from rm_msgs/EngineerActionFeedback.msg[0m
[ 96%] [34m[1mGenerating C++ code from rm_msgs/EngineerActionResult.msg[0m
[ 96%] [34m[1mGenerating C++ code from rm_msgs/EngineerGoal.msg[0m
[ 97%] [34m[1mGenerating C++ code from rm_msgs/EngineerResult.msg[0m
[ 97%] [34m[1mGenerating C++ code from rm_msgs/EngineerFeedback.msg[0m
[ 98%] [34m[1mGenerating C++ code from rm_msgs/ContinousDetectorSwitch.srv[0m
[ 98%] [34m[1mGenerating C++ code from rm_msgs/StatusChange.srv[0m
[ 98%] [34m[1mGenerating C++ code from rm_msgs/CameraStatus.srv[0m
[100%] [34m[1mGenerating C++ code from rm_msgs/EnableImuTrigger.srv[0m
[100%] Built target rm_msgs_generate_messages_eus
[100%] Built target rm_msgs_generate_messages_cpp
[35m[1mScanning dependencies of target rm_msgs_generate_messages[0m
[100%] Built target rm_msgs_generate_messages
